"Starting to get: activerecord"
Not Bookmarked: http://blog.toshimaru.net/rails-batch-optimization/
Not Bookmarked: http://rni-dev.hatenablog.com/entry/2018/02/19/120249
Not Bookmarked: http://kamipo.github.io/talks/20180215-tdtech/#/title
Not Bookmarked: http://sinsoku.hatenablog.com/entry/2018/02/12/100000
Not Bookmarked: https://qiita.com/hanachin_/items/ba1dd93905567d88145c
Not Bookmarked: https://qiita.com/klriutsa/items/8d7381f437c225c64a5f
Not Bookmarked: https://qiita.com/alpaca_taichou/items/bebace92f06af3f32898
Not Bookmarked: http://blog.kamipo.net/entry/2017/12/23/230514
Not Bookmarked: https://medium.com/@r7kamura/ae1740070514
Not Bookmarked: https://www.slideshare.net/ssuserf3788f/rails-83053313
Not Bookmarked: https://cw-techlife.hatenablog.com/entry/2017/11/07/145246
Not Bookmarked: https://blog.onk.ninja/2017/10/18/use_reset_column_information
Not Bookmarked: https://techracho.bpsinc.jp/hachi8833/2017_10_16/46482
Not Bookmarked: https://techracho.bpsinc.jp/hachi8833/2017_10_10/46290
Not Bookmarked: https://eagletmt.hateblo.jp/entry/2017/09/24/004709
Not Bookmarked: https://blog.mwed.info/posts/rails50.html
Not Bookmarked: http://matsukaz.hatenablog.com/entry/2017/07/31/125406
Not Bookmarked: https://www.slideshare.net/koic/stairway-to-the-pragmatic-rails-programmer
Not Bookmarked: https://qiita.com/joker1007/items/870273486394e5f48529
Not Bookmarked: http://tech.medpeer.co.jp/entry/2017/05/09/070758
Not Bookmarked: http://mizchi.hatenablog.com/entry/2017/03/18/173230
Not Bookmarked: http://engineer.dena.jp/2017/03/sakashoruby24rails5.html
Not Bookmarked: https://speakerdeck.com/joker1007/fight-with-growing-data-on-rails
Not Bookmarked: http://mizchi.hatenablog.com/entry/2017/02/07/201308
Not Bookmarked: http://press.forkwell.com/post/156909572169/interview-kamipo-3
Not Bookmarked: http://kamipo.github.io/talks/20170201-mysqlcasual10/#/title
Not Bookmarked: http://press.forkwell.com/post/156601527154/interview-kamipo-2
Not Bookmarked: http://press.forkwell.com/post/156285265531/interview-kamipo-1
Not Bookmarked: http://kamipo.github.io/talks/20170112-tdtech/#/title
Not Bookmarked: https://serihiro.hatenablog.com/entry/2016/12/22/000000
Not Bookmarked: https://qiita.com/joker1007/items/25de535cd8bb2857a685
Not Bookmarked: https://qiita.com/klriutsa/items/607c769c662618b27732
Not Bookmarked: https://qiita.com/suhirotaka/items/36489378fd926a2db2b1#comment-81fbf465107f6da57b8e
Not Bookmarked: https://qiita.com/yebihara/items/9ecb838893ad99be0561
Not Bookmarked: https://qiita.com/itkrt2y/items/32ad1512fce1bf90c20b
Not Bookmarked: http://tech.vasily.jp/entry/model_cache
Not Bookmarked: http://postd.cc/improving-rails-scalability-with-better-architecture/
Not Bookmarked: https://techracho.bpsinc.jp/hachi8833/2013_11_19/14738
Not Bookmarked: https://qiita.com/yuyasat/items/c2ad37b5a24a58ee3d30
Not Bookmarked: http://blog.toshimaru.net/roppongirb-speeding-up-rails/
"Starting to get: aws"
Not Bookmarked: http://yoshidashingo.hatenablog.com/entry/serverless-architectures-on-aws
"Bookmarked: http://techlife.cookpad.com/entry/2018/03/16/115340"
"Bookmarked: http://www.atmarkit.co.jp/ait/articles/1803/16/news052.html"
Not Bookmarked: https://dev.classmethod.jp/cloud/aws/linux-simplead-management/
Not Bookmarked: http://tech.medpeer.co.jp/entry/2018/03/15/080000
Not Bookmarked: http://www.publickey1.jp/blog/18/awssdkgithub.html
Not Bookmarked: http://www.publickey1.jp/blog/18/javascriptservice_workercdncloudflarecloudflare_workers.html
Not Bookmarked: https://dev.classmethod.jp/cloud/aws/2018-aws-re-entering-autoscaling/
Not Bookmarked: https://dev.classmethod.jp/etc/lambda-line-bot-tutorial/
Not Bookmarked: https://aws.amazon.com/jp/blogs/aws/aws-documentation-is-now-open-source-and-on-github/
Not Bookmarked: https://aws.amazon.com/blogs/aws/aws-documentation-is-now-open-source-and-on-github/
Not Bookmarked: https://speakerdeck.com/mumoshu/kubernetes-on-aws-in-2018-for-startups
Not Bookmarked: https://developers.cyberagent.co.jp/blog/archives/14664/
Not Bookmarked: http://tech-blog.abeja.asia/entry/kubernetesxawsxgpu
Not Bookmarked: https://speakerdeck.com/pottava/container-security-20180310
Not Bookmarked: http://tech.nikkeibp.co.jp/atcl/nxt/column/18/00141/030900007/
Not Bookmarked: https://dev.classmethod.jp/cloud/aws/2018-aws-re-entering-wordpress-on-aws/
Not Bookmarked: https://dev.classmethod.jp/cloud/aws/jaws-days-2018-i-security/
Not Bookmarked: https://speakerdeck.com/manabusakai/aws-security-automation
Not Bookmarked: https://speakerdeck.com/owaspjapan/awskurasutanipeng-guuebuwowei-tuteikufang-fa-lun-tosi-nanaicheng-du-falsexiu-luo-chang-falsejia-zhi
Not Bookmarked: https://ydkk.hateblo.jp/entry/2017/12/07/120000
Not Bookmarked: https://aws.amazon.com/about-aws/whats-new/2018/03/amazon-ecs-supports-container-health-checks-and-task-health-mana/
Not Bookmarked: https://news.yahoo.co.jp/byline/kusunokimasanori/20180309-00082525/
Not Bookmarked: https://dev.classmethod.jp/server-side/serverless/aws-lambda-dev-test-deploy-ci/
Not Bookmarked: https://dev.classmethod.jp/cloud/aws/aws-elemental-mediastore-mediastore-immediate-consistency/
Not Bookmarked: https://postd.cc/a-beginners-guide-to-scaling-to-11-million-users-on-amazons/
Not Bookmarked: https://codezine.jp/article/detail/10674
Not Bookmarked: http://tech.plaid.co.jp/monitoring/
Not Bookmarked: https://aws.amazon.com/jp/blogs/news/resizing-images-with-amazon-cloudfront-lambdaedge-aws-cdn-blog/
Not Bookmarked: https://webtan.impress.co.jp/e/2018/03/07/28085
Not Bookmarked: https://dev.classmethod.jp/cloud/aws/systems-manager-ssh/
Not Bookmarked: https://dev.classmethod.jp/cloud/aws/tls-for-s3-web-hosting-with-cloudfront/
Not Bookmarked: http://developer.feedforce.jp/entry/2018/03/05/195913
Not Bookmarked: https://dev.classmethod.jp/cloud/aws/readreplica-ha-route53/
Not Bookmarked: https://japan.zdnet.com/article/35114751/
Not Bookmarked: http://karaage.hatenadiary.jp/entry/2018/03/05/073000
Not Bookmarked: http://toyokeizai.net/articles/-/210977
Not Bookmarked: https://dev.classmethod.jp/security/2018-aws-re-entering-security-check/
Not Bookmarked: https://dev.classmethod.jp/cloud/aws/batch-cloudwatch-events/
Not Bookmarked: https://lambstatus.github.io/
"Starting to get: bootstrap"
Not Bookmarked: http://blog.hde.co.jp/entry/2018/03/05/130121
Not Bookmarked: http://developer.medley.jp/entry/2018/02/27/170000
Not Bookmarked: http://coliss.com/articles/build-websites/operation/design/bootstrap-4-design-system-sketch.html
Not Bookmarked: https://www.infoq.com/jp/news/2018/02/bootstrap-4-released
Not Bookmarked: https://www.moongift.jp/2018/02/bootleaf-bootstrapleaflet%E3%82%92%E4%BD%BF%E3%81%A3%E3%81%9F%E5%9C%B0%E5%9B%B3%E3%83%86%E3%83%B3%E3%83%97%E3%83%AC%E3%83%BC%E3%83%88/
Not Bookmarked: https://blotter.js.org/
Not Bookmarked: https://qiita.com/Yuta_Fujiwara/items/10df62b820d056a92e86
Not Bookmarked: https://qiita.com/Yuta_Fujiwara/items/a195adbd70f0d08cc3d4
Not Bookmarked: https://qiita.com/suguruguruguru/items/20fe111ee5a2f694ed3e
Not Bookmarked: http://coliss.com/articles/build-websites/operation/work/bootstrap-4-new-templates-and-components.html
Not Bookmarked: http://www.atmarkit.co.jp/ait/articles/1801/23/news092.html
Not Bookmarked: https://blog.cntlog.net/archives/2072
Not Bookmarked: https://blog.getbootstrap.com/2018/01/18/bootstrap-4/
Not Bookmarked: http://blog.getbootstrap.com/2018/01/18/bootstrap-4/
Not Bookmarked: https://ledge.ai/pix2code-on-floydhub/
Not Bookmarked: https://mdbootstrap.com/vue/
Not Bookmarked: http://coliss.com/articles/build-websites/operation/work/online-framework-template-editor.html
Not Bookmarked: https://parashuto.com/rriver/others/css-grid-will-change-how-we-think-of-layout
Not Bookmarked: https://note.mu/nikoko/n/nb3123d57fee7
Not Bookmarked: http://ascii.jp/elem/000/001/610/1610719/
Not Bookmarked: https://www.webprofessional.jp/2017-summary/
Not Bookmarked: http://www.moongift.jp/2017/12/coreui-vuebootstrap%E8%A3%BD%E3%81%AE%E7%AE%A1%E7%90%86%E7%94%BB%E9%9D%A2ui/
Not Bookmarked: http://techblog.kayac.com/10-spa-knowhow
Not Bookmarked: https://minimalgreen.hatenadiary.jp/entry/corporate-wp
Not Bookmarked: http://nomolk.hatenablog.com/entry/2017/12/07/223000
Not Bookmarked: http://the-beatles.hateblo.jp/entry/2017/01/16/182038
Not Bookmarked: http://coliss.com/articles/build-websites/operation/work/bootstrap-themes-generator.html
Not Bookmarked: http://coliss.com/articles/build-websites/operation/work/bootstrap-4-ui-toolkit-shards.html
Not Bookmarked: http://paiza.hatenablog.com/entry/2017/11/02/%E3%83%97%E3%83%AD%E3%83%88%E3%82%BF%E3%82%A4%E3%83%97%E3%81%AB%E3%82%82%E6%9C%80%E9%81%A9%EF%BC%81_%E8%AA%B0%E3%81%A7%E3%82%82Web%E3%82%B5%E3%82%A4%E3%83%88%E3%82%92%E7%88%86%E9%80%9F%E9%96%8B%E7%99%BA
Not Bookmarked: https://bulma.io/
Not Bookmarked: http://photoshopvip.net/105293
Not Bookmarked: https://www.froala.com/design-blocks
Not Bookmarked: http://kachibito.net/useful-resource/froala-design-blocks
Not Bookmarked: http://coliss.com/articles/blog/wordpress/wordpress-theme-spark.html
Not Bookmarked: https://qiita.com/uratch/items/3d90dfea7c8748420b1d
Not Bookmarked: https://employment.en-japan.com/engineerhub/entry/2017/08/22/110000
Not Bookmarked: http://coliss.com/articles/build-websites/operation/work/online-editor-for-bootstrap.html
Not Bookmarked: http://photoshopvip.net/103725
Not Bookmarked: http://blog.getbootstrap.com/2017/08/10/bootstrap-4-beta/
Not Bookmarked: https://findy.jp/15171
"Starting to get: css"
Not Bookmarked: https://note.mu/konpyu/n/n694491cd9e80
Not Bookmarked: http://teineini.net/20180316-deskflowy-kihon/
"Bookmarked: https://copypet.jp/"
"Bookmarked: https://blogs.adobe.com/creativestation/web-design-reference-motion-okuda"
"Bookmarked: https://coliss.com/articles/build-websites/operation/work/how-to-use-dialog-element.html"
"Bookmarked: https://www.webprofessional.jp/media-queries-using-css-grid-and-flexbox/"
"Bookmarked: https://ics.media/entry/17470"
Not Bookmarked: https://tech.pepabo.com/2018/03/15/bye-bye-compass/
Not Bookmarked: https://www.webdlab.com/labs/responsive-web-design-2/
Not Bookmarked: https://www.webcreatorbox.com/inspiration/adobe-xd-steps
Not Bookmarked: https://nulab-inc.com/ja/blog/cacoo/web-components/
Not Bookmarked: https://qiita.com/tonkotsuboy_com/items/bce73685cd6b1ea511dc
Not Bookmarked: http://design.webclips.jp/css-button/
Not Bookmarked: https://coliss.com/articles/build-websites/operation/work/good-to-great-ui-animation-tips.html
Not Bookmarked: https://inside.pixiv.blog/ikasoumen/3513
Not Bookmarked: http://www.publickey1.jp/blog/18/windowswebviewedgewindows.html
Not Bookmarked: http://kachibito.net/useful-resource/delighters-js
Not Bookmarked: http://blog.kyanny.me/entry/2018/03/10/002147
Not Bookmarked: https://cssgradient.io/
Not Bookmarked: http://uxmilk.jp/70914
Not Bookmarked: http://coliss.com/articles/build-websites/operation/css/css-unit-conversion.html
Not Bookmarked: http://design-develop.net/web-design/10-open-source-login-pages.html
Not Bookmarked: https://jmblog.jp/slides/webcomponents.kyoto.2.pdf
Not Bookmarked: http://coliss.com/articles/build-websites/operation/design/cheat-codes-for-designing-user-interfaces.html
Not Bookmarked: http://www.okuni.me/entry/hatenablog-theme-onihitode
Not Bookmarked: https://ics.media/entry/17376
Not Bookmarked: http://www.okuni.me/entry/css-slide-animation-keyframes
Not Bookmarked: https://qiita.com/mitch0807/items/7ed4eaf6253a9b879ae7
Not Bookmarked: http://heppoko.hatenadiary.jp/entry/2018/03/03/200013
Not Bookmarked: https://numb86-tech.hatenablog.com/entry/2018/03/03/131414
Not Bookmarked: http://coliss.com/articles/build-websites/operation/css/absolute-centering-with-css.html
Not Bookmarked: https://www.webcreatorbox.com/tech/html-css-coding-steps
Not Bookmarked: https://ferret-plus.com/9676
Not Bookmarked: https://qiita.com/rana_kualu/items/96b303307d6435aedf8b
Not Bookmarked: http://coliss.com/articles/build-websites/operation/css/digital-typography-design-tool-archetype.html
Not Bookmarked: http://takahashikzn.root42.jp/entry/2018/02/21/085948
Not Bookmarked: http://developer.medley.jp/entry/2018/02/27/170000
Not Bookmarked: http://coliss.com/articles/build-websites/operation/css/css-syntax-matters-syntax-doesnt.html
Not Bookmarked: https://atomiks.github.io/30-seconds-of-css/
Not Bookmarked: http://coliss.com/articles/build-websites/operation/css/breadcrumb-with-arrow-shaped-links.html
"Starting to get: database"
Not Bookmarked: https://masahikosawada.github.io//2018/03/16/%E3%82%88%E3%81%8F%E4%BD%BF%E3%81%86psql%E3%81%AE%E4%BE%BF%E5%88%A9%E6%8A%8010%E9%81%B8/
Not Bookmarked: http://www.publickey1.jp/blog/18/cassandrarocksandrainstagramjava.html
Not Bookmarked: http://jp.techcrunch.com/2018/03/12/dg-bengo4-risona-try-elements/
Not Bookmarked: http://www.ketancho.net/entry/2018/03/09/080000
Not Bookmarked: http://www.ketancho.net/entry/2018/03/07/080000
Not Bookmarked: https://diary.app.ssig33.com/340
Not Bookmarked: https://steemit.com/ja-blockchain/@programmer0/twitter-oauth
Not Bookmarked: http://www.yoheim.net/blog.php?q=20180203
Not Bookmarked: http://tech.mercari.com/entry/2018/02/26/110237
Not Bookmarked: https://speakerdeck.com/konoiz/pixivniokerumysqlyun-yong-falseshi-ji
Not Bookmarked: http://www.publickey1.jp/blog/18/mongodbacidmongodb_40.html
Not Bookmarked: http://blog.yuuk.io/entry/2018/datacenter-migration-for-web-system
Not Bookmarked: https://developers.cyberagent.co.jp/blog/archives/13597/
Not Bookmarked: https://ymmt.hatenablog.com/entry/2018/02/13/143716
Not Bookmarked: http://techlife.cookpad.com/entry/2018/02/09/102554
Not Bookmarked: https://aws.amazon.com/jp/blogs/news/amazon-aurora-with-postgresql-compatibility-is-available-in-the-asia-pacific-tokyo-region/
Not Bookmarked: http://dsas.blog.klab.org/archives/2018-02/configure-sql-db.html
Not Bookmarked: http://astj.hatenablog.com/entry/2018/02/06/175902
Not Bookmarked: http://tech.gunosy.io/entry/sql-tutorial
Not Bookmarked: https://aws.amazon.com/about-aws/whats-new/2018/02/amazon-aurora-parallel-query-is-available-for-preview/
Not Bookmarked: https://developers.cyberagent.co.jp/blog/archives/13982/
Not Bookmarked: https://www.slideshare.net/yoku0825/mysql-86831302
Not Bookmarked: https://dev.classmethod.jp/cloud/aws/rds-mysql-slowquerylog-monitoring/
Not Bookmarked: https://medium.com/netflix-techblog/ec2b6d44ba39
Not Bookmarked: http://www.geocities.jp/mickindex/database/pdf/SQLNight_20180124.pdf
Not Bookmarked: http://www.kyoto-np.co.jp/education/article/20180123000072
Not Bookmarked: http://paiza.hatenablog.com/entry/2018/01/22/%E5%88%9D%E5%BF%83%E8%80%85%E5%90%91%E3%81%91%E3%83%BBSQL%E3%81%AE%E7%B7%B4%E7%BF%92%E5%95%8F%E9%A1%8C%E3%82%92%E3%81%9F%E3%81%8F%E3%81%95%E3%82%93%E8%A7%A3%E3%81%91%E3%82%8B%E5%AD%A6%E7%BF%92%E3%82%B5
Not Bookmarked: https://dwango.github.io/articles/mastodon-database-index-2/
Not Bookmarked: https://dwango.github.io/articles/mastodon-database-index-1/
Not Bookmarked: https://qiita.com/tmp_llc/items/7296c5d6bb8769b18d24
Not Bookmarked: http://so-wh.at/entry/2017/12/30/131430
Not Bookmarked: http://blog.amedama.jp/entry/2017/12/30/063023
Not Bookmarked: http://gihyo.jp/news/report/2017/12/2701
Not Bookmarked: https://employment.en-japan.com/engineerhub/entry/2017/12/27/110000
Not Bookmarked: https://soudai.hatenablog.com/entry/postgresql-replication-monitoring
Not Bookmarked: https://soudai.hatenablog.com/entry/2017/12/27/080000
Not Bookmarked: http://blog.monochromegane.com/blog/2017/12/25/wsa_1_kaleidoscope/
Not Bookmarked: http://blog.yuuk.io/entry/2017/timefuze-architecture
Not Bookmarked: http://hatebu.me/entry/research
Not Bookmarked: http://www.dbcli.com/
"Starting to get: db"
Not Bookmarked: https://masahikosawada.github.io//2018/03/16/%E3%82%88%E3%81%8F%E4%BD%BF%E3%81%86psql%E3%81%AE%E4%BE%BF%E5%88%A9%E6%8A%8010%E9%81%B8/
Not Bookmarked: http://www.publickey1.jp/blog/18/cassandrarocksandrainstagramjava.html
Not Bookmarked: https://github.com/jhspetersson/fselect
Not Bookmarked: http://www.ketancho.net/entry/2018/03/09/080000
Not Bookmarked: https://postd.cc/a-beginners-guide-to-scaling-to-11-million-users-on-amazons/
Not Bookmarked: http://www.ketancho.net/entry/2018/03/07/080000
Not Bookmarked: http://www.orangeitems.com/entry/2018/03/07/001034
Not Bookmarked: http://www.itmedia.co.jp/news/articles/1803/05/news015.html
Not Bookmarked: https://qiita.com/hhiroshell/items/5e81cac3e9c059029837
Not Bookmarked: http://www.yoheim.net/blog.php?q=20180203
Not Bookmarked: http://tech.mercari.com/entry/2018/02/26/110237
Not Bookmarked: https://speakerdeck.com/konoiz/pixivniokerumysqlyun-yong-falseshi-ji
Not Bookmarked: http://www.publickey1.jp/blog/18/mongodbacidmongodb_40.html
Not Bookmarked: http://rni-dev.hatenablog.com/entry/2018/02/19/120249
Not Bookmarked: https://qiita.com/neko_machi/items/d620c4a8958e74df3550
Not Bookmarked: https://developers.cyberagent.co.jp/blog/archives/13597/
Not Bookmarked: http://techlife.cookpad.com/entry/2018/02/09/102554
Not Bookmarked: http://techblog.lclco.com/entry/2018/02/09/093000
Not Bookmarked: http://dsas.blog.klab.org/archives/2018-02/configure-sql-db.html
Not Bookmarked: http://itpro.nikkeibp.co.jp/atcl/news/17/020803126/
Not Bookmarked: https://dev.classmethod.jp/planning/rk-20180207-nwdiag/
Not Bookmarked: http://astj.hatenablog.com/entry/2018/02/06/175902
Not Bookmarked: https://speakerdeck.com/astj/mackerel-meetup-number-11-tokyo
Not Bookmarked: http://tech.gunosy.io/entry/sql-tutorial
Not Bookmarked: http://www.publickey1.jp/blog/18/heroku_postgrespostgres_pgx.html
Not Bookmarked: https://www.slideshare.net/yoku0825/mysql-86831302
Not Bookmarked: https://medium.com/netflix-techblog/ec2b6d44ba39
Not Bookmarked: http://www.geocities.jp/mickindex/database/pdf/SQLNight_20180124.pdf
Not Bookmarked: http://nlab.itmedia.co.jp/nl/articles/1801/22/news118.html
Not Bookmarked: http://paiza.hatenablog.com/entry/2018/01/22/%E5%88%9D%E5%BF%83%E8%80%85%E5%90%91%E3%81%91%E3%83%BBSQL%E3%81%AE%E7%B7%B4%E7%BF%92%E5%95%8F%E9%A1%8C%E3%82%92%E3%81%9F%E3%81%8F%E3%81%95%E3%82%93%E8%A7%A3%E3%81%91%E3%82%8B%E5%AD%A6%E7%BF%92%E3%82%B5
Not Bookmarked: http://kyoumoe.hatenablog.com/entry/20180120/1516388240
Not Bookmarked: https://dwango.github.io/articles/mastodon-database-index-2/
Not Bookmarked: https://www.slideshare.net/KatsuhiroAizawa/2017-azure-86264895
Not Bookmarked: https://dwango.github.io/articles/mastodon-database-index-1/
Not Bookmarked: https://github.com/google/rejoiner
Not Bookmarked: https://qiita.com/gn_spawn/items/712349b5b0ebaf4b0203
Not Bookmarked: https://qiita.com/hmatsu47/items/656ebb6575c31bf1a90e
Not Bookmarked: http://gihyo.jp/news/report/2017/12/2701
Not Bookmarked: https://employment.en-japan.com/engineerhub/entry/2017/12/27/110000
Not Bookmarked: https://soudai.hatenablog.com/entry/2017/12/27/080000
"Starting to get: design"
Not Bookmarked: https://medium.com/@kasanetarium/5a663d463691
Not Bookmarked: https://blog.tsubotax.com/n/n941004009f97
Not Bookmarked: http://jp.automaton.am/articles/newsjp/20180317-64608/
Not Bookmarked: http://toyokeizai.net/articles/-/212417
"Bookmarked: https://copypet.jp/"
"Bookmarked: https://blogs.adobe.com/creativestation/web-design-reference-motion-okuda"
"Bookmarked: http://www.mashley1203.com/entry/2018/03/16/063000"
Not Bookmarked: https://note.mu/nobgraphica/n/n3168349cacfd
Not Bookmarked: https://note.mu/begin_design
Not Bookmarked: https://note.mu/begin_design/n/nf8368cc8fe50
Not Bookmarked: https://kuranuki.sonicgarden.jp/2018/03/about-software.html
Not Bookmarked: https://progressive.theocorp.jp/n/n15e9a1083374
Not Bookmarked: https://www.e-aidem.com/ch/listen/entry/2018/03/14/110000
Not Bookmarked: https://teratail.com/report/9
Not Bookmarked: https://coliss.com/articles/build-websites/operation/javascript/guide-page-script-driver.html
Not Bookmarked: https://speakerdeck.com/usagimaru/ri-ben-yu-apurikesiyonfalseintahueisudezain-gong-kai-ban
Not Bookmarked: https://anond.hatelabo.jp/20180313123649
Not Bookmarked: http://takezoe.hatenablog.com/entry/2018/03/13/104933
Not Bookmarked: http://photoshopvip.net/107725
Not Bookmarked: https://coliss.com/articles/build-websites/operation/work/good-to-great-ui-animation-tips.html
Not Bookmarked: https://note.mu/offreco/n/n91a81890c66e
Not Bookmarked: http://blog.haiji.co/entry/2018/03/13/085737
Not Bookmarked: https://note.mu/lbslondon/n/nefebd1d92719
Not Bookmarked: https://www.gizmodo.jp/2018/03/hal9000-alexa.html
Not Bookmarked: https://note.mu/onthehead/n/n7c100cab9181
Not Bookmarked: http://pospome.hatenablog.com/entry/2018/03/12/014109
Not Bookmarked: https://www.hotpepper.jp/mesitsu/entry/cocolo/17-00500
Not Bookmarked: https://www.huffingtonpost.jp/2018/03/11/entry-slug-1520760040172_a_23382524/
Not Bookmarked: http://karapaia.com/archives/52255002.html
Not Bookmarked: https://deeeet.com/writing/2014/08/27/cli-reference/
Not Bookmarked: http://toyokeizai.net/articles/-/211826
Not Bookmarked: https://speakerdeck.com/hidenorigoto/solidfalseyuan-ze-tutedonnahuunishi-ufalse
Not Bookmarked: https://togetter.com/li/1207072
Not Bookmarked: https://note.mu/masa1639/n/ne27877ddbcba
Not Bookmarked: https://togetter.com/li/1206959
Not Bookmarked: http://developer.medley.jp/entry/2018/03/09/183308
Not Bookmarked: http://blog.kyash.co/entry/2018/03/09/162147
Not Bookmarked: https://iphone-mania.jp/news-205315/
Not Bookmarked: https://anond.hatelabo.jp/20180309113631
Not Bookmarked: http://uxmilk.jp/70914
"Starting to get: dev"
Not Bookmarked: https://note.mu/konpyu/n/n694491cd9e80
Not Bookmarked: https://qiita.com/sugiyamath/items/69047b6667256034fa5e
Not Bookmarked: https://medium.com/@ichiroshoda/af451552192a
Not Bookmarked: https://dev.classmethod.jp/etc/lambda-line-bot-tutorial/
Not Bookmarked: http://www.atmarkit.co.jp/ait/articles/1803/12/news012.html
Not Bookmarked: http://mizchi.hatenablog.com/entry/2018/03/13/214755
Not Bookmarked: https://techracho.bpsinc.jp/hachi8833/2018_03_13/53183
Not Bookmarked: http://tech.mercari.com/entry/phpstan
Not Bookmarked: https://qiita.com/drken/items/fd4e5e3630d0f5859067
Not Bookmarked: https://www.sodo-shed.com/archives/12182
Not Bookmarked: https://deeeet.com/writing/2014/08/27/cli-reference/
Not Bookmarked: https://speakerdeck.com/hidenorigoto/solidfalseyuan-ze-tutedonnahuunishi-ufalse
Not Bookmarked: https://qiita.com/acro5piano/items/c4f2835a8e001e8335a8
Not Bookmarked: http://irof.hateblo.jp/entry/2018/03/09/021709
Not Bookmarked: https://qiita.com/grapswiz/items/71f14e73820e352c1fa3
Not Bookmarked: https://internet.watch.impress.co.jp/docs/column/chizu3/1110259.html
Not Bookmarked: http://yami-beta.hateblo.jp/entry/2018/03/07/191730
Not Bookmarked: http://www.ketancho.net/entry/2018/03/07/080000
Not Bookmarked: https://qiita.com/n_mogi/items/252dc4dcf75f3b2ea977
Not Bookmarked: https://jmblog.jp/slides/webcomponents.kyoto.2.pdf
Not Bookmarked: https://codeiq.jp/magazine/2018/03/57560/
Not Bookmarked: https://blog.tokumaru.org/2018/03/wasbook2.html
Not Bookmarked: https://ics.media/entry/17376
Not Bookmarked: https://qiita.com/kunichiko/items/7f64c7c80b44b15371a3
Not Bookmarked: https://qiita.com/keitakurita/items/df3a07135c9cfad810c7
Not Bookmarked: https://codezine.jp/article/detail/10693
Not Bookmarked: http://www.hiroppy.me/entry/migrate-to-webpack4
Not Bookmarked: https://qiita.com/mitch0807/items/7ed4eaf6253a9b879ae7
Not Bookmarked: https://note.mu/najeira/n/n8924408dd07b
Not Bookmarked: https://qiita.com/mod_poppo/items/a4bbed44ccfa59740f32
Not Bookmarked: https://qiita.com/amay077/items/dff88e7ce6868615a9bb
Not Bookmarked: https://qiita.com/creaith/items/c138c0417470a17cc4b4
Not Bookmarked: https://qiita.com/hhiroshell/items/5e81cac3e9c059029837
Not Bookmarked: https://qiita.com/rana_kualu/items/96b303307d6435aedf8b
Not Bookmarked: https://storialaw.jp/blog/4019
Not Bookmarked: https://www.programming-books.io/essential/go/
Not Bookmarked: http://www.itmedia.co.jp/news/articles/1802/28/news076.html
Not Bookmarked: https://smarthacks.jp/mag/30572
Not Bookmarked: http://golang.rdy.jp/2018/02/25/vecty/
Not Bookmarked: https://speakerdeck.com/mukai21/webpack-v4nituite
"Starting to get: development"
Not Bookmarked: https://note.mu/konpyu/n/n694491cd9e80
Not Bookmarked: https://www.moongift.jp/2018/03/mailhog-%E7%AE%A1%E7%90%86%E7%94%BB%E9%9D%A2%E4%BB%98%E3%81%8D%E3%81%AA%E9%96%8B%E7%99%BA%E7%94%A8%E3%83%A1%E3%83%BC%E3%83%AB%E3%82%B5%E3%83%BC%E3%83%90/
Not Bookmarked: https://www.nginx.com/blog/nginx-1-13-10-grpc/
Not Bookmarked: https://hakobe932.hatenablog.com/entry/2018/03/17/190938
"Bookmarked: https://www.infoq.com/jp/news/2018/03/facebook-detectron-library"
"Bookmarked: https://copypet.jp/"
Not Bookmarked: https://qiita.com/PruneMazui/items/e460df2865de8522a10b
Not Bookmarked: http://blog.sushi.money/entry/2018/03/15/191807
Not Bookmarked: https://www.ipa.go.jp/sec/reports/20180306.html
Not Bookmarked: https://www.ncaq.net/2018/03/15/13/21/43/
Not Bookmarked: https://www.webdlab.com/labs/responsive-web-design-2/
Not Bookmarked: https://kuranuki.sonicgarden.jp/2018/03/about-software.html
Not Bookmarked: http://www.publickey1.jp/blog/18/awssdkgithub.html
Not Bookmarked: https://dev.classmethod.jp/cloud/aws/2018-aws-re-entering-autoscaling/
Not Bookmarked: https://nulab-inc.com/ja/blog/cacoo/web-components/
Not Bookmarked: https://qiita.com/yosuke12724/items/374942dec7b3ea14721f
Not Bookmarked: http://mizchi.hatenablog.com/entry/2018/03/13/214755
Not Bookmarked: https://news.mynavi.jp/article/20180313-599889/
Not Bookmarked: https://qiita.com/gold-kou/items/2c2a73f5222f35ca1a62
Not Bookmarked: http://www.publickey1.jp/blog/18/cassandrarocksandrainstagramjava.html
Not Bookmarked: https://qiita.com/guitar_char/items/7dbd7e2bc35a1fc9e5a0
Not Bookmarked: http://www.ryuzee.com/contents/blog/7125
Not Bookmarked: https://www.sodo-shed.com/archives/12182
Not Bookmarked: http://developer.cybozu.co.jp/akky/2018/03/googling-the-error-message/
Not Bookmarked: https://speakerdeck.com/tinbotu/wi-fizai-ru-men-jian-enaidian-bo-wozhi-shi-dejian-ba-ku
Not Bookmarked: https://qiita.com/mr_word_wide/items/28cba0409675739e9917
Not Bookmarked: https://speakerdeck.com/hidenorigoto/solidfalseyuan-ze-tutedonnahuunishi-ufalse
Not Bookmarked: http://blog.sushi.money/entry/2018/03/09/144640
Not Bookmarked: https://dev.classmethod.jp/server-side/serverless/aws-lambda-dev-test-deploy-ci/
Not Bookmarked: http://irof.hateblo.jp/entry/2018/03/09/021709
Not Bookmarked: https://qiita.com/kotar0/items/4f022889c4f049902367
Not Bookmarked: http://nihonbuson.hatenadiary.jp/entry/2018/03/09/005000
Not Bookmarked: https://qiita.com/grapswiz/items/71f14e73820e352c1fa3
Not Bookmarked: https://medium.com/@xevix/aaa9be8919b2
Not Bookmarked: https://speakerdeck.com/rrreeeyyy/iot40-rrreeeyyy
Not Bookmarked: https://forest.watch.impress.co.jp/docs/news/1110447.html
Not Bookmarked: https://anond.hatelabo.jp/20180308013517
Not Bookmarked: http://blog.lai.so/entry/2018/03/08/%E7%84%A1%E6%B3%95%E5%9C%B0%E5%B8%AF%E3%81%AB%E3%83%86%E3%82%B9%E3%83%88%E3%82%B1%E3%83%BC%E3%82%B9%E3%82%92%E8%BF%BD%E5%8A%A0%E3%81%99%E3%82%8B%E6%99%82%E3%81%AB%E3%81%84%E3%81%A4%E3%82%82%E3%82%84%E3%81%A3
Not Bookmarked: https://qiita.com/KanNishida/items/6c5be204c7795edc74c5
Not Bookmarked: http://jp.automaton.am/articles/newsjp/20180307-64083/
"Starting to get: docker"
Not Bookmarked: http://www.kunst1080.net/entry/2018/03/18/225102
Not Bookmarked: https://speakerdeck.com/hayajo/nds55-docker-with-kubernetes
Not Bookmarked: http://techlife.cookpad.com/entry/2018/03/15/172500
Not Bookmarked: http://www.publickey1.jp/blog/18/azure_service_fabric.html
Not Bookmarked: http://tech.uzabase.com/entry/2018/03/14/200512
Not Bookmarked: https://gitkube.sh/
Not Bookmarked: https://speakerdeck.com/mumoshu/kubernetes-on-aws-in-2018-for-startups
Not Bookmarked: https://qiita.com/hoisjp/items/51ad840daeaa8c8ba0a9
Not Bookmarked: https://developers.cyberagent.co.jp/blog/archives/14664/
Not Bookmarked: http://tech-blog.abeja.asia/entry/kubernetesxawsxgpu
Not Bookmarked: https://speakerdeck.com/pottava/container-security-20180310
Not Bookmarked: http://jsstudy.hatenablog.com/entry/ufw_firewall-of-Ubuntu
Not Bookmarked: http://febc-yamamoto.hatenablog.jp/entry/2018/03/10/090229
Not Bookmarked: https://aws.amazon.com/about-aws/whats-new/2018/03/amazon-ecs-supports-container-health-checks-and-task-health-mana/
Not Bookmarked: http://jsstudy.hatenablog.com/entry/Research-about-Docker
Not Bookmarked: https://dev.classmethod.jp/server-side/serverless/aws-lambda-dev-test-deploy-ci/
Not Bookmarked: https://speakerdeck.com/ianlewis/kubernetesfalsesekiyuriteifalsebesutopurakuteisu
Not Bookmarked: http://www.atmarkit.co.jp/ait/articles/1803/08/news006.html
Not Bookmarked: https://github.com/GoogleCloudPlatform/skaffold
Not Bookmarked: http://www.publickey1.jp/blog/18/kubernetescncf.html
Not Bookmarked: https://qiita.com/MahoTakara/items/03fc0afe29379026c1f3
Not Bookmarked: https://codeiq.jp/magazine/2018/03/57560/
Not Bookmarked: https://qiita.com/bremen/items/4604f530fe25786240db
Not Bookmarked: https://www.oreilly.co.jp/books/9784873118406/
Not Bookmarked: https://qiita.com/uutarou10/items/fe23e7a58ab162cf174c
Not Bookmarked: http://www.publickey1.jp/blog/18/ubuntuwindowsubuntu.html
Not Bookmarked: http://techlife.cookpad.com/entry/2018/03/02/000000
Not Bookmarked: https://speakerdeck.com/komeiy/cyberagent-adtech-network-for-these-3years
Not Bookmarked: https://qiita.com/hhiroshell/items/5e81cac3e9c059029837
Not Bookmarked: http://febc-yamamoto.hatenablog.jp/entry/2018/02/25/181728
Not Bookmarked: https://blog.manabusakai.com/2018/02/fault-tolerance-of-kubernetes/
Not Bookmarked: https://thinkit.co.jp/article/13349
Not Bookmarked: https://l0rd.github.io/containerspatterns/#1
Not Bookmarked: https://dev.classmethod.jp/cloud/aws/docker-image-tag-git-commit-id-by-codebuild/
Not Bookmarked: https://speakerdeck.com/udzura/operating-containers-just-with-a-hunch
Not Bookmarked: http://www.publickey1.jp/blog/18/pivotal_container_servicekubernetesvmwareawsazuregcp.html
Not Bookmarked: https://www.infoq.com/jp/news/2018/02/microservices-resiliency-istio
Not Bookmarked: https://www.infoq.com/articles/kubernetes-effect
Not Bookmarked: https://glorificatio.org/archives/2953
Not Bookmarked: https://thinkit.co.jp/article/13289
"Starting to get: font"
"Bookmarked: https://note.mu/sorasagano/n/nad3acd3a96cf"
Not Bookmarked: https://forest.watch.impress.co.jp/docs/news/1111856.html
Not Bookmarked: https://speakerdeck.com/usagimaru/ri-ben-yu-apurikesiyonfalseintahueisudezain-gong-kai-ban
Not Bookmarked: https://togetter.com/li/1207072
Not Bookmarked: http://design-develop.net/design/font/freefont2.html
Not Bookmarked: http://design.webclips.jp/japanese-free-font-vol01/
Not Bookmarked: http://coliss.com/articles/build-websites/operation/design/cheat-codes-for-designing-user-interfaces.html
Not Bookmarked: https://true-font.com/select/font-easy_to_read
Not Bookmarked: https://mojimo.jp/
Not Bookmarked: https://mojimo.jp/manga/
Not Bookmarked: https://emojipedia.org/sushi/
Not Bookmarked: https://anond.hatelabo.jp/20180228211046
Not Bookmarked: http://shigotofield.jp/interview/production.html
Not Bookmarked: http://coliss.com/articles/build-websites/operation/css/digital-typography-design-tool-archetype.html
Not Bookmarked: http://photoshopvip.net/107627
Not Bookmarked: http://blog.weep.jp/entry/2018/02/17/221037
Not Bookmarked: http://mksd.jp/seele.html
Not Bookmarked: http://www.okuni.me/entry/hatenablog-hard-to-read-cause
Not Bookmarked: https://forest.watch.impress.co.jp/docs/review/1105905.html
Not Bookmarked: http://www.imyme9.com/entry/freefont
Not Bookmarked: https://marusexijaxs.web.fc2.com/quizfont.html
Not Bookmarked: https://note.mu/issei_y/n/nf348ba07a96a
Not Bookmarked: http://photoshopvip.net/107123
Not Bookmarked: https://mojikiban.ipa.go.jp/1300.html
Not Bookmarked: https://pc.watch.impress.co.jp/docs/news/1103531.html
Not Bookmarked: http://coliss.com/articles/products/free-font-bundle-jan-2018.html
Not Bookmarked: http://design-develop.net/design/font/kida_freefont.html
Not Bookmarked: https://irorio.jp/nagasawamaki/20180121/432929/
Not Bookmarked: https://dev.classmethod.jp/tool/intellij-idea-font-setting-with-ricty/
Not Bookmarked: http://chige.hatenablog.com/entry/ppSlideDesign
Not Bookmarked: http://nixeneko.hatenablog.com/entry/2018/01/13/183256
Not Bookmarked: http://taisetsu.united-arrows.co.jp/4993/
Not Bookmarked: https://qiita.com/usagimaru/items/da88c0a8793f23633c28
Not Bookmarked: https://togetter.com/li/1187890
Not Bookmarked: http://rexp.wp.xdomain.jp/?p=519
Not Bookmarked: https://tr246.github.io/Sigene/
Not Bookmarked: http://photoshopvip.net/106694
Not Bookmarked: http://corobuzz.com/archives/110640
Not Bookmarked: https://www.webcreatorbox.com/inspiration/font-2017
Not Bookmarked: https://www3.nhk.or.jp/news/html/20171224/k10011270111000.html
"Starting to get: frontend"
Not Bookmarked: http://www.atmarkit.co.jp/ait/articles/1803/12/news012.html
Not Bookmarked: http://mizchi.hatenablog.com/entry/2018/03/13/214755
Not Bookmarked: https://forest.watch.impress.co.jp/docs/news/1110447.html
Not Bookmarked: http://www.publickey1.jp/blog/18/facebookreact_16time_slicingsuspenseux.html
Not Bookmarked: http://blog.npmjs.org/post/171556855892/introducing-npm-ci-for-faster-more-reliable
Not Bookmarked: https://ics.media/entry/17376
Not Bookmarked: http://blog.hde.co.jp/entry/2018/03/05/130121
Not Bookmarked: https://qiita.com/rikuba/items/92da6d99e2b0f831cc65
Not Bookmarked: https://note.mu/mizchi/n/n53d0b34b25ac
Not Bookmarked: https://hyper-text.org/archives/2018/03/imgix_cdn.shtml
Not Bookmarked: https://qiita.com/creaith/items/c138c0417470a17cc4b4
Not Bookmarked: https://qiita.com/creaith/items/212d5533f07f600b4f2a
Not Bookmarked: https://qiita.com/rana_kualu/items/96b303307d6435aedf8b
Not Bookmarked: http://developer.medley.jp/entry/2018/02/27/170000
Not Bookmarked: http://golang.rdy.jp/2018/02/25/vecty/
Not Bookmarked: https://codeiq.jp/magazine/2018/02/57634/
Not Bookmarked: https://qiita.com/daijinload/items/c7015b1117c5beb7e49f
Not Bookmarked: http://tech.mercari.com/entry/2018/02/22/191527
Not Bookmarked: http://www.publickey1.jp/blog/18/2018_1.html
Not Bookmarked: https://speakerdeck.com/yosuke_furukawa/ssrfalsehua
Not Bookmarked: https://speakerdeck.com/mizchi/jia-su-suruhurontoendotopwa
Not Bookmarked: https://havelog.ayumusato.com/develop/others/e747-scratch_memo_1.html
Not Bookmarked: http://www.publickey1.jp/blog/18/apple_ios_macos_progressive_web_apps.html
Not Bookmarked: https://qiita.com/aggre/items/9d77085a32764ffe994d
Not Bookmarked: https://speakerdeck.com/narirou/dong-de-dezaingaidorainfalsetukurifang
Not Bookmarked: https://speakerdeck.com/sisidovski/nikkei-inside-frontend
Not Bookmarked: https://speakerdeck.com/mizchi/real-world-es201x-and-future
Not Bookmarked: https://qiita.com/numanomanu/items/af97312f34cf1388cee6
Not Bookmarked: https://blog.nagisa-inc.jp/archives/2980
Not Bookmarked: http://www.itmedia.co.jp/news/articles/1802/03/news016.html
Not Bookmarked: http://efcl.info/2018/02/02/snapshot-test/
Not Bookmarked: https://cam-inc.github.io/viron-doc/
Not Bookmarked: https://codezine.jp/article/detail/10624
Not Bookmarked: https://qiita.com/kotarella1110/items/e76bf9cca665157f3d2e
Not Bookmarked: https://meowni.ca/posts/2017-puppeteer-tests/
Not Bookmarked: https://note.mu/y_ukyk/n/n577cd5a78953
Not Bookmarked: https://codezine.jp/article/detail/10633
Not Bookmarked: http://www.publickey1.jp/blog/18/jquery_331.html
Not Bookmarked: https://medium.com/webpack/6b1d27d7d7e2
Not Bookmarked: https://speakerdeck.com/mukai21/webpacktozhong-liang-kunarou
"Starting to get: git"
Not Bookmarked: https://www.moongift.jp/2018/03/xltrail-vba%E3%81%AE%E5%B7%AE%E5%88%86%E3%82%92%E8%A1%A8%E7%A4%BA%E3%81%99%E3%82%8Bgit%E3%82%B5%E3%83%96%E3%82%B3%E3%83%9E%E3%83%B3%E3%83%89/
Not Bookmarked: http://www.publickey1.jp/blog/18/awssdkgithub.html
Not Bookmarked: https://aws.amazon.com/blogs/aws/aws-documentation-is-now-open-source-and-on-github/
Not Bookmarked: http://www.publickey1.jp/blog/18/firefoxgithub.html
Not Bookmarked: http://myenigma.hatenablog.com/entry/2018/03/12/090307
Not Bookmarked: https://masui.github.io/GitHelp/
Not Bookmarked: https://ydkk.hateblo.jp/entry/2017/12/07/120000
Not Bookmarked: https://qiita.com/oinori_man/items/b9c4df3530cca091721d
Not Bookmarked: https://employment.en-japan.com/engineerhub/entry/2018/02/28/110000
Not Bookmarked: https://qiita.com/sue445/items/5c726a6254b46d9b4728
Not Bookmarked: https://qiita.com/saitotak/items/813ac6c2057ac64d5fef
Not Bookmarked: https://inside.pixiv.blog/geta6/3342
Not Bookmarked: https://blog.wadackel.me/2018/git-chglog/
Not Bookmarked: https://fromatom.hatenablog.com/entry/2018/02/15/103602
Not Bookmarked: https://applech2.com/archives/20180214-gitfinder-for-mac-release.html
Not Bookmarked: http://gendai.ismedia.jp/articles/-/54421
Not Bookmarked: http://note103.hateblo.jp/entry/2018/02/11/123239
Not Bookmarked: http://raphine.hatenablog.com/entry/2018/02/09/153356
Not Bookmarked: https://qiita.com/kyoshidajp/items/c5d4f060df636ea20cbb
Not Bookmarked: https://persol-tech-s.co.jp/i-engineer/product/llminatoll
Not Bookmarked: https://bacchi.me/linux/diff-tips/
Not Bookmarked: https://carbon.now.sh/?bg=rgba(171,%20184,%20195,%201)&t=seti&l=auto&ds=true&wc=true&wa=true&pv=48px&ph=32px&ln=false
Not Bookmarked: https://qiita.com/ueki05/items/5c233773e3186989bfd3
Not Bookmarked: http://hachibeechan.hateblo.jp/entry/code-review-is-not-required-process-to-win
Not Bookmarked: http://naitoh.hatenablog.com/entry/2018/01/27/012333
Not Bookmarked: https://dev.classmethod.jp/cloud/aws/codebuild-github-pullrequest-settings/
Not Bookmarked: https://aws.amazon.com/about-aws/whats-new/2018/01/aws-codebuild-integrates-with-github-enterprise-and-supports-shallow-git-clones/
Not Bookmarked: http://www.publickey1.jp/blog/18/gitlab_104webidedocker.html
Not Bookmarked: https://employment.en-japan.com/engineerhub/entry/2018/01/24/110000
Not Bookmarked: https://moneyforward.com/engineers_blog/2018/01/23/designers-github/
Not Bookmarked: https://qiita.com/numanomanu/items/45dd285b286a1f7280ed
Not Bookmarked: http://hiroponz.hateblo.jp/entry/2018/01/11/001739
Not Bookmarked: https://abicky.net/2018/01/09/075041/
Not Bookmarked: http://www.moongift.jp/2018/01/git-todos-todo%E3%82%92git%E7%AE%A1%E7%90%86/
Not Bookmarked: https://www.gitmask.com/
Not Bookmarked: https://gigazine.net/news/20180103-make-ios-app/
Not Bookmarked: https://rhysd.hatenablog.com/entry/2018/01/02/230144
Not Bookmarked: http://gigazine.net/news/20171227-seclists-remove-my-password/
Not Bookmarked: http://blog.kazuhooku.com/2017/12/git-blame.html
Not Bookmarked: http://akerun.hateblo.jp/entry/2017/12/26/110102
"Starting to get: github"
Not Bookmarked: http://yoshidashingo.hatenablog.com/entry/serverless-architectures-on-aws
"Bookmarked: https://gigazine.net/news/20180316-eu-proposal-upload-filters-code/"
"Bookmarked: http://developer.feedforce.jp/entry/2018/03/16/141806"
Not Bookmarked: https://qiita.com/jsakamoto/items/20d4893f6c8cdb0356f6
Not Bookmarked: https://qiita.com/hatoo@github/items/fa14ad36a1b568d14f3e
Not Bookmarked: http://blog.trendmicro.co.jp/archives/17116
Not Bookmarked: https://qiita.com/uichi/items/e4fcfca0257fd08376d2
Not Bookmarked: https://medium.com/@ichiroshoda/af451552192a
Not Bookmarked: http://www.publickey1.jp/blog/18/awssdkgithub.html
Not Bookmarked: https://aws.amazon.com/jp/blogs/aws/aws-documentation-is-now-open-source-and-on-github/
Not Bookmarked: https://aws.amazon.com/blogs/aws/aws-documentation-is-now-open-source-and-on-github/
Not Bookmarked: http://www.publickey1.jp/blog/18/firefoxgithub.html
Not Bookmarked: https://news.mynavi.jp/article/20180313-599889/
Not Bookmarked: https://qiita.com/miyaoka/items/1922d5d8528fe31016b9
Not Bookmarked: https://gigazine.net/news/20180313-github-not-help-hiring/
Not Bookmarked: https://rcmdnk.com/blog/2018/03/10/computer-mac-homebrew-python/
Not Bookmarked: https://ydkk.hateblo.jp/entry/2017/12/07/120000
Not Bookmarked: http://blog.kyanny.me/entry/2018/03/10/002147
Not Bookmarked: https://speakerdeck.com/tsuyoshiwada/yarn-plus-ci-plus-github-detiao-mu-npm-patukezifalseding-qi-geng-xin
Not Bookmarked: http://irof.hateblo.jp/entry/2018/03/09/021709
Not Bookmarked: https://lealog.hateblo.jp/entry/2018/03/07/162402
Not Bookmarked: http://design-develop.net/web-design/10-open-source-login-pages.html
Not Bookmarked: http://paiza.hatenablog.com/entry/2018/03/05/automated_code_review_services
Not Bookmarked: http://note.golden-lucky.net/2018/03/blog-post.html
Not Bookmarked: http://www.hiroppy.me/entry/migrate-to-webpack4
Not Bookmarked: http://tsubakit1.hateblo.jp/entry/2018/03/04/223804
Not Bookmarked: https://github.com/scoutapp/ruby_server_timing
Not Bookmarked: http://jp.techcrunch.com/2018/03/02/2018-03-02-the-worlds-largest-ddos-attack-took-github-offline-for-less-than-tens-minutes/
Not Bookmarked: http://japanese.engadget.com/2018/03/01/github-1-35tbps-ddos/
Not Bookmarked: https://japan.cnet.com/article/35115501/
Not Bookmarked: http://www.itmedia.co.jp/news/articles/1803/02/news065.html
Not Bookmarked: https://qiita.com/siy1121/items/f01167186a6677c22435
Not Bookmarked: https://methane.hatenablog.jp/entry/2018/02/28/3%E6%9C%881%E6%97%A5%E3%80%81Homebrew_%E3%81%AE%E3%83%87%E3%83%95%E3%82%A9%E3%83%AB%E3%83%88%E3%81%AE_Python_%E3%81%8C_Python_3_%E3%81%AB%E3%81%AA%E3%82%8A%E3%81%BE%E3%81%99%E3%80%82
Not Bookmarked: https://employment.en-japan.com/engineerhub/entry/2018/02/28/110000
Not Bookmarked: http://takahashikzn.root42.jp/entry/2018/02/21/085948
Not Bookmarked: https://smarthacks.jp/mag/30572
Not Bookmarked: https://github.com/blog/2506-slack-and-github-your-ultimate-productivity-pair
Not Bookmarked: https://qiita.com/chooyan_eng/items/99789213fa89c03b36b0
Not Bookmarked: https://qiita.com/sue445/items/5c726a6254b46d9b4728
Not Bookmarked: https://qiita.com/saitotak/items/813ac6c2057ac64d5fef
"Starting to get: html"
Not Bookmarked: http://twitter.com/kaokou11/status/975187094288019457
"Bookmarked: https://copypet.jp/"
"Bookmarked: https://html5experts.jp/yoshikawa_t/25150/"
"Bookmarked: https://coliss.com/articles/build-websites/operation/work/how-to-use-dialog-element.html"
"Bookmarked: https://www.webprofessional.jp/media-queries-using-css-grid-and-flexbox/"
Not Bookmarked: https://www.webdlab.com/labs/responsive-web-design-2/
Not Bookmarked: https://anond.hatelabo.jp/20180308013517
Not Bookmarked: http://tbpgr.hatenablog.com/entry/2018/03/06/183000
Not Bookmarked: http://design-develop.net/web-design/10-open-source-login-pages.html
Not Bookmarked: http://blog.sushi.money/entry/2018/03/06/115014
Not Bookmarked: https://jmblog.jp/slides/webcomponents.kyoto.2.pdf
Not Bookmarked: http://coliss.com/articles/build-websites/operation/design/cheat-codes-for-designing-user-interfaces.html
Not Bookmarked: http://blog.hde.co.jp/entry/2018/03/05/130121
Not Bookmarked: https://note.mu/chinajapan/n/n05a9fdb12dae
Not Bookmarked: https://qiita.com/rikuba/items/92da6d99e2b0f831cc65
Not Bookmarked: https://www.webcreatorbox.com/tech/html-css-coding-steps
Not Bookmarked: https://ferret-plus.com/9676
Not Bookmarked: https://gigazine.net/news/20180301-twitter-bookmark/
Not Bookmarked: https://qiita.com/rana_kualu/items/96b303307d6435aedf8b
Not Bookmarked: http://blog.hatenablog.com/entry/2018/02/28/143000
Not Bookmarked: http://golang.rdy.jp/2018/02/25/vecty/
Not Bookmarked: http://coliss.com/articles/build-websites/operation/css/breadcrumb-with-arrow-shaped-links.html
Not Bookmarked: https://anond.hatelabo.jp/20180222134603
Not Bookmarked: http://coliss.com/articles/build-websites/operation/work/free-online-tools-for-web-developers.html
Not Bookmarked: https://ferret-plus.com/9587
Not Bookmarked: https://qiita.com/kyutaro/items/1bf13c0b88227e0f6244
Not Bookmarked: http://photoshopvip.net/107367
Not Bookmarked: https://gigazine.net/news/20180217-global-warming-solar-cooling/
Not Bookmarked: http://portal.nifty.com/kiji/180216202088_1.htm
Not Bookmarked: https://www.moongift.jp/2018/02/bootleaf-bootstrapleaflet%E3%82%92%E4%BD%BF%E3%81%A3%E3%81%9F%E5%9C%B0%E5%9B%B3%E3%83%86%E3%83%B3%E3%83%97%E3%83%AC%E3%83%BC%E3%83%88/
Not Bookmarked: http://blog.sushi.money/entry/2018/02/15/235900
Not Bookmarked: http://coliss.com/articles/build-websites/operation/css/about-normalize-css-v8.html
Not Bookmarked: http://www.kikibrero.com/entry/2018/02/15/214003
Not Bookmarked: http://paiza.hatenablog.com/entry/2018/02/15/%E9%9D%A2%E5%80%92%E3%81%AA%E4%BD%9C%E6%A5%AD%E4%B8%8D%E8%A6%81%E3%81%A7%E3%80%81Web%E3%82%A2%E3%83%97%E3%83%AA%E9%96%8B%E7%99%BA%E3%81%8C%E5%8A%87%E7%9A%84%E3%81%AB%E3%81%AF%E3%81%8B%E3%81%A9%E3%82%8B
Not Bookmarked: https://qiita.com/mizchi/items/053f5b42a6d0902e9412
Not Bookmarked: http://www.publickey1.jp/blog/18/apple_ios_macos_progressive_web_apps.html
Not Bookmarked: https://qiita.com/aggre/items/9d77085a32764ffe994d
Not Bookmarked: https://qiita.com/Yuta_Fujiwara/items/10df62b820d056a92e86
Not Bookmarked: https://github.com/gfngfn/SATySFi
Not Bookmarked: http://www.publickey1.jp/blog/18/progressive_web_appspwawindows_10windows_10windowslinuxpwa.html
"Starting to get: html5"
"Bookmarked: https://html5experts.jp/yoshikawa_t/25150/"
"Bookmarked: https://coliss.com/articles/build-websites/operation/work/how-to-use-dialog-element.html"
Not Bookmarked: https://nulab-inc.com/ja/blog/cacoo/web-components/
Not Bookmarked: http://blog.sushi.money/entry/2018/03/14/111400
Not Bookmarked: http://design-develop.net/web-design/10-open-source-login-pages.html
Not Bookmarked: https://note.mu/chinajapan/n/n05a9fdb12dae
Not Bookmarked: https://ferret-plus.com/9676
Not Bookmarked: https://qiita.com/rana_kualu/items/96b303307d6435aedf8b
Not Bookmarked: https://parashuto.com/rriver/development/cssgrid-autofill-vs-autofit
Not Bookmarked: https://anagrams.jp/blog/google-web-designer/
Not Bookmarked: http://www.publickey1.jp/blog/18/w3cwebassembly.html
Not Bookmarked: https://www.moongift.jp/2018/02/bootleaf-bootstrapleaflet%E3%82%92%E4%BD%BF%E3%81%A3%E3%81%9F%E5%9C%B0%E5%9B%B3%E3%83%86%E3%83%B3%E3%83%97%E3%83%AC%E3%83%BC%E3%83%88/
Not Bookmarked: http://nlab.itmedia.co.jp/nl/articles/1802/15/news140.html
Not Bookmarked: https://speakerdeck.com/mizchi/jia-su-suruhurontoendotopwa
Not Bookmarked: http://www.kikibrero.com/entry/2018/02/15/214003
Not Bookmarked: https://fromatom.hatenablog.com/entry/2018/02/15/103602
Not Bookmarked: http://www.publickey1.jp/blog/18/apple_ios_macos_progressive_web_apps.html
Not Bookmarked: https://qiita.com/aggre/items/9d77085a32764ffe994d
Not Bookmarked: https://gigazine.net/news/20180213-winamp2-js/
Not Bookmarked: https://getpixelsnap.com/
Not Bookmarked: https://blogs.windows.com/msedgedev/2018/02/06/welcoming-progressive-web-apps-edge-windows-10/
Not Bookmarked: http://paiza.hatenablog.com/entry/2018/02/01/%E8%AA%B0%E3%81%A7%E3%82%82Web%E4%B8%8A%E3%81%A7%E3%83%AA%E3%82%A2%E3%83%AB%E3%81%AB%E5%8B%95%E3%81%8FHTML5%E3%82%A2%E3%83%8B%E3%83%A1%E3%83%BC%E3%82%B7%E3%83%A7%E3%83%B3%E3%82%92%E8%A3%BD%E4%BD%9C
Not Bookmarked: http://coliss.com/articles/build-websites/operation/work/html-css-boilerplate-for-form.html
Not Bookmarked: https://codeiq.jp/magazine/2018/01/56804/
Not Bookmarked: http://coliss.com/articles/build-websites/operation/css/css-alignment-cheatsheet.html
Not Bookmarked: https://medium.com/@firt/2ff49fd7d6ea
Not Bookmarked: https://medium.com/webpack/6b1d27d7d7e2
Not Bookmarked: https://numb86-tech.hatenablog.com/entry/2018/01/22/203406
Not Bookmarked: http://coliss.com/articles/build-websites/operation/work/html5-template-for-2018.html
Not Bookmarked: http://coliss.com/articles/web-services/meta-code-generator-heymeta.html
Not Bookmarked: http://www.heymeta.com/
Not Bookmarked: http://coliss.com/articles/build-websites/operation/work/whats-new-in-html-5-2.html
Not Bookmarked: http://coliss.com/articles/build-websites/operation/work/guidelines-to-improve-web-accessibility.html
Not Bookmarked: https://html5experts.jp/shumpei-shiraishi/24835/
Not Bookmarked: http://www.atmarkit.co.jp/ait/articles/1801/11/news024.html
Not Bookmarked: https://html5experts.jp/shumpei-shiraishi/24795/
Not Bookmarked: http://momdo.hatenablog.jp/entry/20180105/1515161004
Not Bookmarked: http://blog.anatoo.jp/entry/2017/12/28/225839
Not Bookmarked: http://blog.hiroppy.me/entry/2017/12/25/100004
Not Bookmarked: https://html5experts.jp/shumpei-shiraishi/24736/
"Starting to get: javascript"
Not Bookmarked: http://clockmaker.jp/blog/2018/03/webpack4/
Not Bookmarked: https://note.mu/konpyu/n/n694491cd9e80
Not Bookmarked: https://qiita.com/kotauchisunsun/items/dd2aa895321a55faf1a1
"Bookmarked: http://blog.tes.co.jp/entry/2018/03/14/193601"
"Bookmarked: https://note.mu/onthehead/n/n51c861f75d3c"
"Bookmarked: https://ics.media/entry/17470"
Not Bookmarked: https://qiita.com/jsakamoto/items/20d4893f6c8cdb0356f6
Not Bookmarked: https://postd.cc/redux-observable-epics-vs-redux-sagas/
Not Bookmarked: http://mizchi.hatenablog.com/entry/2018/03/15/155637
Not Bookmarked: https://www.ncaq.net/2018/03/15/13/21/43/
Not Bookmarked: https://developers.google.com/web/updates/2018/03/clipboardapi
Not Bookmarked: https://hacks.mozilla.org/2018/03/making-webassembly-better-for-rust-for-all-languages/
Not Bookmarked: http://www.publickey1.jp/blog/18/javascriptservice_workercdncloudflarecloudflare_workers.html
Not Bookmarked: http://jinjor-labo.hatenablog.com/entry/2018/03/14/191343
Not Bookmarked: https://nulab-inc.com/ja/blog/cacoo/web-components/
Not Bookmarked: http://blog.sushi.money/entry/2018/03/14/111400
Not Bookmarked: https://coliss.com/articles/build-websites/operation/javascript/guide-page-script-driver.html
Not Bookmarked: https://blog.cloudflare.com/cloudflare-workers-unleashed/
Not Bookmarked: http://mizchi.hatenablog.com/entry/2018/03/13/214755
Not Bookmarked: https://techracho.bpsinc.jp/hachi8833/2018_03_13/53183
Not Bookmarked: https://qiita.com/miyaoka/items/1922d5d8528fe31016b9
Not Bookmarked: https://liginc.co.jp/374210
Not Bookmarked: https://qiita.com/rana_kualu/items/f3dfcb8e7ef0cc9955d6
Not Bookmarked: https://speakerdeck.com/wakamatsu/vue-dot-js-plus-nuxt-dot-js-woshi-tuteb2csabisuwozuo-tutahua
Not Bookmarked: https://qiita.com/mr_word_wide/items/28cba0409675739e9917
Not Bookmarked: http://www.pandanoir.info/entry/2018/03/11/193000
Not Bookmarked: http://kachibito.net/useful-resource/delighters-js
Not Bookmarked: http://blog.kyanny.me/entry/2018/03/10/002147
Not Bookmarked: https://speakerdeck.com/wakamsha/codegen-hanan-sikunai-swagger-kara-javascript-typescript-kodowozi-dong-sheng-cheng-sitekodeinguwoxiao-lu-hua-siyou
Not Bookmarked: https://speakerdeck.com/tsuyoshiwada/yarn-plus-ci-plus-github-detiao-mu-npm-patukezifalseding-qi-geng-xin
Not Bookmarked: https://www.slideshare.net/koheikawasaki902/webassembly-text-format-90039362
Not Bookmarked: http://uxmilk.jp/70914
Not Bookmarked: https://qiita.com/grapswiz/items/71f14e73820e352c1fa3
Not Bookmarked: http://www.thechrisoshow.com/2018/02/20/es6-style-hash-literals-in/
Not Bookmarked: https://motemen.hatenablog.com/entry/2018/03/ethereum-dapp-protect-content
Not Bookmarked: https://anond.hatelabo.jp/20180308013517
Not Bookmarked: https://lealog.hateblo.jp/entry/2018/03/07/162402
Not Bookmarked: http://yami-beta.hateblo.jp/entry/2018/03/07/191730
Not Bookmarked: http://www.publickey1.jp/blog/18/5_codementorxcoding_dojo.html
Not Bookmarked: http://efcl.info/2018/03/07/ecmascript-usage/
"Starting to get: js"
Not Bookmarked: https://note.mu/konpyu/n/n694491cd9e80
"Bookmarked: http://blog.tes.co.jp/entry/2018/03/14/193601"
"Bookmarked: http://gendai.ismedia.jp/articles/-/54822"
Not Bookmarked: http://www.publickey1.jp/blog/18/javascriptservice_workercdncloudflarecloudflare_workers.html
Not Bookmarked: https://coliss.com/articles/build-websites/operation/javascript/guide-page-script-driver.html
Not Bookmarked: http://mizchi.hatenablog.com/entry/2018/03/13/214755
Not Bookmarked: https://techracho.bpsinc.jp/hachi8833/2018_03_13/53183
Not Bookmarked: https://liginc.co.jp/374210
Not Bookmarked: https://speakerdeck.com/wakamatsu/vue-dot-js-plus-nuxt-dot-js-woshi-tuteb2csabisuwozuo-tutahua
Not Bookmarked: http://kachibito.net/useful-resource/delighters-js
Not Bookmarked: https://speakerdeck.com/tsuyoshiwada/yarn-plus-ci-plus-github-detiao-mu-npm-patukezifalseding-qi-geng-xin
Not Bookmarked: https://qiita.com/grapswiz/items/71f14e73820e352c1fa3
Not Bookmarked: http://efcl.info/2018/03/07/ecmascript-usage/
Not Bookmarked: http://blog.hde.co.jp/entry/2018/03/05/130121
Not Bookmarked: http://blog.hiroppy.me/entry/migrate-to-webpack4
Not Bookmarked: https://qiita.com/mitch0807/items/7ed4eaf6253a9b879ae7
Not Bookmarked: http://heppoko.hatenadiary.jp/entry/2018/03/03/200013
Not Bookmarked: http://coliss.com/articles/build-websites/operation/javascript/lightweight-tooltip-library-tippyjs.html
Not Bookmarked: https://qiita.com/creaith/items/c138c0417470a17cc4b4
Not Bookmarked: https://www.slideshare.net/YoshiiroUeno/elixir-go-c-x-scala-nodejs
Not Bookmarked: http://tech.medpeer.co.jp/entry/2018/02/26/080000
Not Bookmarked: https://medium.com/webpack/6cdb994702d4
Not Bookmarked: https://github.com/webpack/webpack/releases/tag/v4.0.0
Not Bookmarked: https://support-sozoku.com/souzokuzei/4point/
Not Bookmarked: https://green-online.jp/dementia-inheritance-countermeasure
Not Bookmarked: https://www.asahi.com/articles/ASL2S52VLL2SUHBI01N.html
Not Bookmarked: https://qiita.com/daijinload/items/c7015b1117c5beb7e49f
Not Bookmarked: http://azu.github.io/slide/2018/node/ecmascript39.html
Not Bookmarked: https://ics.media/entry/17262
Not Bookmarked: https://d-toybox.com/studio/lib/what_is_keyCode.html
Not Bookmarked: https://www.minnanokaigo.com/news/yamamoto/lesson21/
Not Bookmarked: http://www.afpbb.com/articles/-/3163384
Not Bookmarked: http://coliss.com/articles/build-websites/operation/javascript/parallax-scrolling-for-mobile-and-desktop.html
Not Bookmarked: https://inside.pixiv.blog/geta6/3342
Not Bookmarked: https://qiita.com/ikemo/items/4f56a283f9e27cf98d81
Not Bookmarked: https://havelog.ayumusato.com/develop/others/e750-scratch_memo_3.html
Not Bookmarked: http://kakakakakku.hatenablog.com/entry/2018/02/18/113426
Not Bookmarked: http://toyokeizai.net/articles/-/209016
Not Bookmarked: https://forbesjapan.com/articles/detail/19386
Not Bookmarked: https://nativescript-vue.org/
"Starting to get: linux"
Not Bookmarked: http://www.kunst1080.net/entry/2018/03/18/225102
Not Bookmarked: https://www.moongift.jp/2018/03/mailhog-%E7%AE%A1%E7%90%86%E7%94%BB%E9%9D%A2%E4%BB%98%E3%81%8D%E3%81%AA%E9%96%8B%E7%99%BA%E7%94%A8%E3%83%A1%E3%83%BC%E3%83%AB%E3%82%B5%E3%83%BC%E3%83%90/
Not Bookmarked: http://nlab.itmedia.co.jp/nl/articles/1803/15/news109.html
"Bookmarked: https://japan.zdnet.com/article/35116259/"
Not Bookmarked: https://diary.hatenablog.jp/entry/2018/03/15/215147
Not Bookmarked: https://dev.classmethod.jp/cloud/aws/linux-simplead-management/
Not Bookmarked: http://lab.astamuse.co.jp/entry/2018/03/15/114500
Not Bookmarked: https://developers.cyberagent.co.jp/blog/archives/14721/
Not Bookmarked: https://qiita.com/dark-space/items/cf25001f89c41341a9fd
Not Bookmarked: https://qiita.com/hoisjp/items/51ad840daeaa8c8ba0a9
Not Bookmarked: http://jsstudy.hatenablog.com/entry/ufw_firewall-of-Ubuntu
Not Bookmarked: https://deeeet.com/writing/2014/08/27/cli-reference/
Not Bookmarked: https://forest.watch.impress.co.jp/docs/serial/yajiuma/1110668.html
Not Bookmarked: http://hijili.hatenablog.jp/entry/2018/03/08/004417
Not Bookmarked: http://ascii.jp/elem/000/001/636/1636258/
Not Bookmarked: http://blog.livedoor.jp/itsoku/archives/53094935.html
Not Bookmarked: https://qiita.com/fujieda/items/6c67db36a540b749d7ab
Not Bookmarked: http://www.atmarkit.co.jp/ait/articles/1803/08/news006.html
Not Bookmarked: http://gihyo.jp/admin/clip/01/linux_dt/201803/07
Not Bookmarked: https://forest.watch.impress.co.jp/docs/news/1110173.html
Not Bookmarked: http://dr-asa.hatenablog.com/entry/2018/03/07/082618
Not Bookmarked: https://dev.classmethod.jp/cloud/aws/systems-manager-ssh/
Not Bookmarked: https://applech2.com/archives/20180305-daisy_sequence-sequence-diagram-editor.html
Not Bookmarked: http://raphine.hatenablog.com/entry/2018/03/05/182940
Not Bookmarked: https://qiita.com/chamaharun/items/9b8c00d14c05c025febd
Not Bookmarked: https://qiita.com/setouchi/items/7591a335c50ef99042d9
Not Bookmarked: http://d.hatena.ne.jp/yohei-a/20180304/1520138751
Not Bookmarked: https://medium.com/@catatsuy/f9719352dada
Not Bookmarked: https://qiita.com/bremen/items/4604f530fe25786240db
Not Bookmarked: http://www.publickey1.jp/blog/18/ubuntuwindowsubuntu.html
Not Bookmarked: https://qiita.com/gomi_ningen/items/95ac38c584af86c23050
Not Bookmarked: http://yumetodo.hateblo.jp/entry/2018/02/28/232939
Not Bookmarked: http://d.hatena.ne.jp/ozuma/20180228/1519828918
Not Bookmarked: https://qiita.com/rana_kualu/items/96b303307d6435aedf8b
Not Bookmarked: http://yamaguchi-1024.hatenablog.com/entry/2018/02/27/172417
Not Bookmarked: https://applech2.com/archives/20180227-boostnote-v0100-support-display-filename-in-codeblock.html
Not Bookmarked: https://japan.zdnet.com/article/35115293/
Not Bookmarked: http://blog-ja.sideci.com/entry/2018/02/26/121616
Not Bookmarked: http://takuya-1st.hatenablog.jp/entry/2018/02/26/000000
Not Bookmarked: http://memo.yuuk.io/entry/2018/02/24/111752
"Starting to get: macos"
Not Bookmarked: https://applech2.com/archives/20180316-twitter-for-mobile-alternate-for-mac.html
"Bookmarked: https://gigazine.net/news/20180316-uncover-macos-safari-exploits/"
Not Bookmarked: https://speakerdeck.com/usagimaru/ri-ben-yu-apurikesiyonfalseintahueisudezain-gong-kai-ban
Not Bookmarked: http://www.macotakara.jp/blog/category-56/entry-34560.html
Not Bookmarked: https://methane.hatenablog.jp/entry/2018/03/11/Homebrew_%E3%81%AE_Python_%E3%81%A7%E4%BD%95%E3%81%8C%E5%A4%89%E3%82%8F%E3%81%A3%E3%81%A6%E4%BD%95%E3%81%8C%E3%82%82%E3%81%A8%E3%81%AB%E6%88%BB%E3%81%A3%E3%81%9F%E3%81%AE%E3%81%8B
Not Bookmarked: http://coliss.com/articles/build-websites/operation/work/gifski-convert-videos-to-animation-gif.html
Not Bookmarked: http://d.hatena.ne.jp/yohei-a/20180304/1520138751
Not Bookmarked: https://rcmdnk.com/blog/2018/03/02/computer-mac-homebrew/
Not Bookmarked: https://qiita.com/rana_kualu/items/96b303307d6435aedf8b
Not Bookmarked: https://methane.hatenablog.jp/entry/2018/02/28/3%E6%9C%881%E6%97%A5%E3%80%81Homebrew_%E3%81%AE%E3%83%87%E3%83%95%E3%82%A9%E3%83%AB%E3%83%88%E3%81%AE_Python_%E3%81%8C_Python_3_%E3%81%AB%E3%81%AA%E3%82%8A%E3%81%BE%E3%81%99%E3%80%82
Not Bookmarked: https://applech2.com/archives/20180228-high-sierra-chrome-update-pending-issue.html
Not Bookmarked: https://pc.watch.impress.co.jp/docs/news/1108626.html
Not Bookmarked: http://techblog.lclco.com/entry/2018/02/27/083000
Not Bookmarked: http://www.softantenna.com/wp/mac/google-employee-imac-location/
Not Bookmarked: https://sindresorhus.com/gifski
Not Bookmarked: http://fushiroyama.hatenablog.com/entry/2018/02/21/120937
Not Bookmarked: https://applech2.com/archives/20180219-macappstore-cli-mas-command-support-info-and-lucky.html
Not Bookmarked: https://applech2.com/archives/20180217-twitter-for-mac-no-longer-support.html
Not Bookmarked: http://japanese.engadget.com/2018/02/16/iphone-mac-2/
Not Bookmarked: https://applech2.com/archives/20180216-egword-universal-v2-1-announce.html
Not Bookmarked: https://dev.classmethod.jp/smartphone/iphone/ios-app-how-to-release-2018/
Not Bookmarked: https://applech2.com/archives/20180216-high-sierra-afps-format-disk-image-data-loss-issue.html
Not Bookmarked: http://jp.techcrunch.com/2018/02/16/2018-02-15-iphone-text-bomb-ios-mac-crash-apple/
Not Bookmarked: https://speakerdeck.com/usagimaru/yuzaintahueisujie-pou-xue-gai-ding-ban-gong-kai-ban
Not Bookmarked: https://applech2.com/archives/20180214-gitfinder-for-mac-release.html
Not Bookmarked: http://www.publickey1.jp/blog/18/apple_ios_macos_progressive_web_apps.html
Not Bookmarked: https://applech2.com/archives/20180213-apple-next-2-years-revamped-macos1014-and-ios12.html
Not Bookmarked: https://krausefx.com/blog/mac-privacy-sandboxed-mac-apps-can-take-screenshots
Not Bookmarked: https://applech2.com/archives/20180202-go-away-ui-on-high-sierra-and-ios-11.html
Not Bookmarked: https://www.gizmodo.jp/2018/02/macos-2018-rumors.html
Not Bookmarked: https://applech2.com/archives/20180128-macos-freeze-due-to-high-sierra-kernel-bug.html
Not Bookmarked: https://jmatsuzaki.com/archives/22416
Not Bookmarked: https://applech2.com/archives/20180126-how-to-check-no-longer-support-32-bit-app-next-macos.html
Not Bookmarked: https://qiita.com/shinespark/items/51b6b145da4772764dfb
Not Bookmarked: http://www.publickey1.jp/blog/18/windowslinuxmacospowershell_core_60.html
Not Bookmarked: https://applech2.com/archives/20180114-high-sierra-any-user-accept.html
Not Bookmarked: https://applech2.com/archives/20180113-macos-dns-hijacker-osx-mami.html
Not Bookmarked: https://applech2.com/archives/20180112-macos-high-sierra-htop-system-freeze.html
Not Bookmarked: http://www.publickey1.jp/blog/18/kubernetesdockerdocker_for_mac_with_kubernetes.html
Not Bookmarked: http://jp.techcrunch.com/2018/01/11/2018-01-10-another-macos-password-prompt-can-be-bypassed-with-any-password-2/
"Starting to get: mysql"
Not Bookmarked: https://www.sodo-shed.com/archives/12182
Not Bookmarked: https://dev.classmethod.jp/cloud/aws/2018-aws-re-entering-wordpress-on-aws/
Not Bookmarked: https://www.slideshare.net/yoku0825/mysql-90218198
Not Bookmarked: http://febc-yamamoto.hatenablog.jp/entry/2018/03/10/090229
Not Bookmarked: https://www.infoq.com/jp/news/2018/03/Best-New-Features-MySQL-8
Not Bookmarked: https://qiita.com/hhiroshell/items/5e81cac3e9c059029837
Not Bookmarked: https://tmtms.hatenablog.com/entry/2018/02/26/mysql-parameters
Not Bookmarked: http://tech.mercari.com/entry/2018/02/26/110237
Not Bookmarked: https://speakerdeck.com/konoiz/pixivniokerumysqlyun-yong-falseshi-ji
Not Bookmarked: http://coliss.com/articles/blog/wordpress/how-to-wordpress-server-migration.html
Not Bookmarked: https://qiita.com/Yuta_Fujiwara/items/a195adbd70f0d08cc3d4
Not Bookmarked: http://dsas.blog.klab.org/archives/2018-02/configure-sql-db.html
Not Bookmarked: https://aws.amazon.com/about-aws/whats-new/2018/02/amazon-aurora-parallel-query-is-available-for-preview/
Not Bookmarked: http://tech.uzabase.com/entry/2018/02/01/161447
Not Bookmarked: https://www.slideshare.net/yoku0825/mysql-86831302
Not Bookmarked: https://dev.classmethod.jp/cloud/aws/rds-mysql-slowquerylog-monitoring/
Not Bookmarked: https://codeiq.jp/magazine/2018/01/56979/
Not Bookmarked: https://yoku0825.blogspot.com/2018/01/mysql-804.html
Not Bookmarked: http://paiza.hatenablog.com/entry/2018/01/22/%E5%88%9D%E5%BF%83%E8%80%85%E5%90%91%E3%81%91%E3%83%BBSQL%E3%81%AE%E7%B7%B4%E7%BF%92%E5%95%8F%E9%A1%8C%E3%82%92%E3%81%9F%E3%81%8F%E3%81%95%E3%82%93%E8%A7%A3%E3%81%91%E3%82%8B%E5%AD%A6%E7%BF%92%E3%82%B5
Not Bookmarked: http://postd.cc/the-death-of-front-end-developers/
Not Bookmarked: https://www.slideshare.net/KatsuhiroAizawa/2017-azure-86264895
Not Bookmarked: https://aws.amazon.com/jp/blogs/news/monitor-amazon-rds-for-mysql-and-mariadb-logs-with-amazon-cloudwatch/
Not Bookmarked: https://dev.classmethod.jp/cloud/aws/rds-mysql-mariadb-export-cloudwatch-logs/
Not Bookmarked: http://postd.cc/golang-clean-archithecture/
Not Bookmarked: https://qiita.com/hmatsu47/items/656ebb6575c31bf1a90e
Not Bookmarked: http://inokara.hateblo.jp/entry/2018/01/03/225640
Not Bookmarked: http://so-wh.at/entry/2017/12/30/131430
Not Bookmarked: http://tech.geniee.co.jp/entry/sync-mysql-binlog-to-cache
Not Bookmarked: http://blog.kamipo.net/entry/2017/12/23/230514
Not Bookmarked: http://www.dbcli.com/
Not Bookmarked: https://github.com/fireworq/fireworq
Not Bookmarked: http://d.hatena.ne.jp/hnw/20171221
Not Bookmarked: https://qiita.com/SH2/items/654d89759e7e39d999b5
Not Bookmarked: https://soudai.hatenablog.com/entry/innodb
Not Bookmarked: https://qiita.com/yosu/items/b32781bf00052378f882
Not Bookmarked: https://soudai.hatenablog.com/entry/2017/12/20/030013
Not Bookmarked: https://qiita.com/shibukk/items/9746e941fda5dfc24454
Not Bookmarked: http://shinyorke.hatenablog.com/entry/jupyter-and-baseball
Not Bookmarked: http://dsas.blog.klab.org/archives/2017-12/52286240.html
Not Bookmarked: https://developers.eure.jp/tech/primer_of_sql/
"Starting to get: node.js"
Not Bookmarked: https://www.ncaq.net/2018/03/15/13/21/43/
Not Bookmarked: http://www.publickey1.jp/blog/18/javascriptservice_workercdncloudflarecloudflare_workers.html
Not Bookmarked: http://jinjor-labo.hatenablog.com/entry/2018/03/14/191343
Not Bookmarked: http://blog.sushi.money/entry/2018/03/14/111400
Not Bookmarked: https://qiita.com/mstssk/items/8759c71f328cab802670
Not Bookmarked: https://methane.hatenablog.jp/entry/2018/03/11/Homebrew_%E3%81%AE_Python_%E3%81%A7%E4%BD%95%E3%81%8C%E5%A4%89%E3%82%8F%E3%81%A3%E3%81%A6%E4%BD%95%E3%81%8C%E3%82%82%E3%81%A8%E3%81%AB%E6%88%BB%E3%81%A3%E3%81%9F%E3%81%AE%E3%81%8B
Not Bookmarked: https://speakerdeck.com/tsuyoshiwada/yarn-plus-ci-plus-github-detiao-mu-npm-patukezifalseding-qi-geng-xin
Not Bookmarked: http://blog.npmjs.org/post/171556855892/introducing-npm-ci-for-faster-more-reliable
Not Bookmarked: https://ics.media/entry/17376
Not Bookmarked: http://blog.hde.co.jp/entry/2018/03/05/130121
Not Bookmarked: http://blog.hiroppy.me/entry/migrate-to-webpack4
Not Bookmarked: http://heppoko.hatenadiary.jp/entry/2018/03/03/200013
Not Bookmarked: https://numb86-tech.hatenablog.com/entry/2018/03/03/131414
Not Bookmarked: https://qiita.com/sinsengumi/items/e20342d13cbdd7ac2304
Not Bookmarked: https://qiita.com/hhiroshell/items/5e81cac3e9c059029837
Not Bookmarked: https://qiita.com/cognitom/items/7a097d0f6e239d4fb5bf
Not Bookmarked: https://www.slideshare.net/YoshiiroUeno/elixir-go-c-x-scala-nodejs
Not Bookmarked: https://github.com/yujiosaka/headless-chrome-crawler
Not Bookmarked: https://speakerdeck.com/leko/node-dot-jsnicontributesite-keyue-decollaboratorninatuta
Not Bookmarked: http://propelml.org/
Not Bookmarked: http://craftzdog.hateblo.jp/entry/control-an-air-conditioner-with-voice-from-google-home-via-raspberry-pi
Not Bookmarked: http://www.publickey1.jp/blog/18/webjavascriptheadless_chromepuppeteer10chromedevtools.html
Not Bookmarked: http://otona-toy.hatenablog.com/entry/2018/02/06/154241
Not Bookmarked: https://sbfl.net/blog/2018/02/05/webgl-matrixgl/
Not Bookmarked: http://coliss.com/articles/build-websites/operation/javascript/counting-time-library-easytimer.html
Not Bookmarked: https://qiita.com/vvakame/items/3a1e628e53a5dd99dfe0
Not Bookmarked: https://qiita.com/tosaka07/items/87ef283db4b2ee19b636
Not Bookmarked: http://yosuke-furukawa.hatenablog.com/entry/2018/01/30/174425
Not Bookmarked: https://qiita.com/kengos@github/items/9ff3a1e4e4351e9a927b
Not Bookmarked: https://qiita.com/to-hutohu/items/07e9b5cdb49918b3a904
Not Bookmarked: https://medium.com/webpack/6b1d27d7d7e2
Not Bookmarked: https://speakerdeck.com/mukai21/webpacktozhong-liang-kunarou
Not Bookmarked: https://speakerdeck.com/yusukehirao/kodorebiyu-nantesiterarerukatu
Not Bookmarked: https://techacademy.jp/magazine/16063
Not Bookmarked: https://blog.graph.cool/introducing-prisma-1ff423fd629e
Not Bookmarked: https://qiita.com/sirootosan/items/f2f7c20bd604e4542db1
Not Bookmarked: https://qiita.com/soundTricker/items/354a993e354016945e44
Not Bookmarked: http://co.bsnws.net/article/235
Not Bookmarked: https://speakerdeck.com/yami_beta/babel-to-webpack-nituite
Not Bookmarked: https://medium.com/webpack/a0410cc82ca4
"Starting to get: npm"
Not Bookmarked: http://blog.willnet.in/entry/2018/03/18/163405
Not Bookmarked: https://qiita.com/mstssk/items/8759c71f328cab802670
Not Bookmarked: https://speakerdeck.com/tsuyoshiwada/yarn-plus-ci-plus-github-detiao-mu-npm-patukezifalseding-qi-geng-xin
Not Bookmarked: http://blog.npmjs.org/post/171556855892/introducing-npm-ci-for-faster-more-reliable
Not Bookmarked: https://qiita.com/cognitom/items/7a097d0f6e239d4fb5bf
Not Bookmarked: https://cpplover.blogspot.com/2018/02/npm-57.html
Not Bookmarked: https://github.com/npm/npm/issues/19883
Not Bookmarked: https://inside.pixiv.blog/geta6/3342
Not Bookmarked: https://qiita.com/hideo-works/items/db25a748889d47d5eff2
Not Bookmarked: https://qiita.com/kurosame/items/0434d81bdcd97eb0da19
Not Bookmarked: http://blog.npmjs.org/post/169432444640/npm-operational-incident-6-jan-2018
Not Bookmarked: https://github.com/npm/registry/issues/255
Not Bookmarked: https://hackernoon.com/im-harvesting-credit-card-numbers-and-passwords-from-your-site-here-s-how-9a8cb347c5b5
Not Bookmarked: https://medium.com/lacolaco-blog/42911ac0f451
Not Bookmarked: http://blog.hiroppy.me/entry/2018/01/04/100017
Not Bookmarked: http://cabbalog.blogspot.com/2017/12/npm-package-25.html
Not Bookmarked: https://hirata.blog/201712_taskrunner/
Not Bookmarked: https://qiita.com/bitrinjani/items/b08876e0a2618745f54a
Not Bookmarked: https://qiita.com/9renpoto/items/2e8ecf96cda3ee9da97e
Not Bookmarked: https://medium.com/@ericsimons/cc2c39715403
Not Bookmarked: https://github.com/blog/2470-introducing-security-alerts-on-github
Not Bookmarked: https://gfx.hatenablog.com/entry/2017/11/16/231950
Not Bookmarked: http://docs.komagata.org/5467
Not Bookmarked: https://qiita.com/ledsun/items/0965a60f9bdff04f2fa0
Not Bookmarked: http://blog.gmork.in/entry/kao
Not Bookmarked: https://html-coding.co.jp/knowhow/environment/gulp-sass/
Not Bookmarked: https://html-coding.co.jp/knowhow/environment/jquery-gulp-webpack/
Not Bookmarked: https://developers.srad.jp/story/17/09/17/2142245/
Not Bookmarked: https://code.facebook.com/posts/274518539716230
Not Bookmarked: https://teppeis.hatenablog.com/entry/2017/08/es-modules-in-nodejs
Not Bookmarked: https://qiita.com/sand/items/b01d7d8f3d9c1642298b
Not Bookmarked: http://reactvt.io/
Not Bookmarked: http://watilde.hatenablog.com/entry/2017/08/28/071030
Not Bookmarked: https://qiita.com/takeyuichi/items/6b2d783f041e5369c987
Not Bookmarked: http://facebook.github.io/jest/ja/
Not Bookmarked: https://www.polymer-project.org/blog/2017-08-22-npm-modules
Not Bookmarked: https://teppeis.hatenablog.com/entry/2017/08/thank-you-stars
Not Bookmarked: https://github.com/GoogleChrome/puppeteer
Not Bookmarked: https://qiita.com/ahaha0807_alg/items/a9b51ec238440ef341f1
Not Bookmarked: http://blog.npmjs.org/post/163723642530/crossenv-malware-on-the-npm-registry
"Starting to get: postgresql"
Not Bookmarked: https://masahikosawada.github.io//2018/03/16/%E3%82%88%E3%81%8F%E4%BD%BF%E3%81%86psql%E3%81%AE%E4%BE%BF%E5%88%A9%E6%8A%8010%E9%81%B8/
Not Bookmarked: https://www.sodo-shed.com/archives/12182
Not Bookmarked: https://soudai.hatenablog.com/entry/2018/02/09/131638
Not Bookmarked: https://aws.amazon.com/jp/blogs/news/amazon-aurora-with-postgresql-compatibility-is-available-in-the-asia-pacific-tokyo-region/
Not Bookmarked: https://aws.amazon.com/about-aws/whats-new/2018/02/amazon-aurora-with-postgresql-compatibility-is-available-in-the-asia-pacific--tokyo--region/
Not Bookmarked: http://www.publickey1.jp/blog/18/heroku_postgrespostgres_pgx.html
Not Bookmarked: https://dwango.github.io/articles/mastodon-database-index-2/
Not Bookmarked: https://dwango.github.io/articles/mastodon-database-index-1/
Not Bookmarked: https://dev.classmethod.jp/cloud/aws/aws-summary-2018-1/
Not Bookmarked: https://qiita.com/tenn25/items/6fb0d846b28a06bec204
Not Bookmarked: https://japan.zdnet.com/article/35112767/
Not Bookmarked: http://gihyo.jp/news/report/2017/12/2701
Not Bookmarked: https://employment.en-japan.com/engineerhub/entry/2017/12/27/110000
Not Bookmarked: https://soudai.hatenablog.com/entry/postgresql-replication-monitoring
Not Bookmarked: http://www.dbcli.com/
Not Bookmarked: http://kaigai.hatenablog.com/entry/2017/12/20/142512
Not Bookmarked: https://qiita.com/zucay/items/5759193d31d6661f9d4b
Not Bookmarked: https://qiita.com/kumagi/items/67f9ac0fb4e6f70c056d
Not Bookmarked: http://pgsqldeepdive.blogspot.com/2017/11/50-how-single-postgresql-config-change.html
Not Bookmarked: https://snaga.gitbooks.io/postgresql-internals/
Not Bookmarked: https://goodpatch.com/blog/balto-history/
Not Bookmarked: https://techracho.bpsinc.jp/hachi8833/2017_11_17/48316
Not Bookmarked: https://aws.amazon.com/jp/blogs/news/how-to-migrate-your-oracle-database-to-postgresql/
Not Bookmarked: http://www.publickey1.jp/blog/17/azure_database_for_mariadb_connect_2017.html
Not Bookmarked: http://www.moongift.jp/2017/11/usql-%E5%A4%9A%E6%95%B0%E3%81%AE%E3%83%87%E3%83%BC%E3%82%BF%E3%83%99%E3%83%BC%E3%82%B9%E3%81%AB%E5%AF%BE%E5%BF%9C%E3%81%97%E3%81%9Fcli%E3%82%AF%E3%83%A9%E3%82%A4%E3%82%A2%E3%83%B3%E3%83%88/
Not Bookmarked: http://kaigai.hatenablog.com/entry/2017/11/12/092355
Not Bookmarked: http://www.clear-code.com/blog/2017/11/7.html
Not Bookmarked: https://github.com/MasahikoSawada/pg_simula
Not Bookmarked: http://ascii.jp/elem/000/001/581/1581945/
Not Bookmarked: https://frasco.io/your-users-dont-need-a-password-8527a891e224
Not Bookmarked: https://soudai.hatenablog.com/entry/postgresql-architecture-and-performance-monitoring
Not Bookmarked: https://dev.classmethod.jp/cloud/aws/postgresql-amazon-aurora-now-available/
Not Bookmarked: https://aws.amazon.com/jp/blogs/news/now-available-amazon-aurora-with-postgresql-compatibility/
Not Bookmarked: https://frasco.io/how-i-reduced-my-db-server-load-by-80-7902699be42c
Not Bookmarked: https://speakerdeck.com/soudai/postgresql-performance-monitoring
Not Bookmarked: http://postd.cc/practical-guide-sql-isolation/
Not Bookmarked: http://www.publickey1.jp/blog/17/postgresql_10.html
Not Bookmarked: https://www.postgresql.org/about/news/1786/
Not Bookmarked: https://cw-techlife.hatenablog.com/entry/2017/10/04/112332
Not Bookmarked: https://github.com/achiku/planter
"Starting to get: programming"
Not Bookmarked: http://shimabukuromeg.hatenadiary.jp/entry/2018/03/17/190155
Not Bookmarked: https://www.buzzfeed.com/jp/yuikashima/yasutaka-tanaka
Not Bookmarked: http://reokaminaga.hatenablog.com/entry/2018/03/01/035722
Not Bookmarked: https://speakerdeck.com/hayajo/nds55-docker-with-kubernetes
Not Bookmarked: https://www.jstage.jst.go.jp/article/kagakutoseibutsu/51/6/51_408/_pdf
Not Bookmarked: https://www.jstage.jst.go.jp/article/kagakutoseibutsu/51/5/51_318/_pdf
"Bookmarked: https://www.infoq.com/jp/news/2018/03/facebook-detectron-library"
"Bookmarked: http://developer.feedforce.jp/entry/2018/03/16/141806"
"Bookmarked: http://www.itmedia.co.jp/enterprise/articles/1803/16/news015.html"
"Bookmarked: https://copypet.jp/"
"Bookmarked: https://coliss.com/articles/build-websites/operation/work/how-to-use-dialog-element.html"
Not Bookmarked: https://qiita.com/jsakamoto/items/20d4893f6c8cdb0356f6
Not Bookmarked: https://www.ipa.go.jp/sec/reports/20180306.html
Not Bookmarked: https://developers.srad.jp/story/18/03/15/0659224/
Not Bookmarked: http://mizchi.hatenablog.com/entry/2018/03/15/155637
Not Bookmarked: https://codezine.jp/article/detail/10722
Not Bookmarked: http://jp.automaton.am/articles/newsjp/20180315-64499/
Not Bookmarked: https://internet.watch.impress.co.jp/docs/imreboot/column/1111735.html
Not Bookmarked: https://www.webdlab.com/labs/responsive-web-design-2/
Not Bookmarked: https://www.nintendo.co.jp/labo/invention/index.html
Not Bookmarked: http://techblog.lclco.com/entry/2018/03/15/083000
Not Bookmarked: https://note.mu/begin_design/n/nf8368cc8fe50
Not Bookmarked: https://hacks.mozilla.org/2018/03/making-webassembly-better-for-rust-for-all-languages/
Not Bookmarked: https://kuranuki.sonicgarden.jp/2018/03/about-software.html
Not Bookmarked: http://www.publickey1.jp/blog/18/awssdkgithub.html
Not Bookmarked: http://eng-blog.iij.ad.jp/archives/1523
Not Bookmarked: https://dev.classmethod.jp/cloud/aws/2018-aws-re-entering-autoscaling/
Not Bookmarked: https://pc.watch.impress.co.jp/docs/news/1111623.html
Not Bookmarked: http://tagomoris.hatenablog.com/entry/2018/03/14/154637
Not Bookmarked: https://pc.watch.impress.co.jp/docs/news/1111496.html
Not Bookmarked: http://techlife.cookpad.com/entry/2018/03/14/090000
Not Bookmarked: https://community.letsencrypt.org/t/acme-v2-and-wildcard-certificate-support-is-live/55579
Not Bookmarked: http://www.publickey1.jp/blog/18/firefoxgithub.html
Not Bookmarked: http://mizchi.hatenablog.com/entry/2018/03/13/214755
Not Bookmarked: https://news.mynavi.jp/article/20180313-599889/
Not Bookmarked: http://tech.mercari.com/entry/phpstan
Not Bookmarked: https://inside.pixiv.blog/drill/3552
Not Bookmarked: https://www.infoq.com/jp/news/2018/03/c2lang-modern-c
Not Bookmarked: https://qiita.com/gold-kou/items/2c2a73f5222f35ca1a62
Not Bookmarked: https://qiita.com/drken/items/fd4e5e3630d0f5859067
"Starting to get: qiita"
Not Bookmarked: https://qiita.com/dark-space/items/cf25001f89c41341a9fd
Not Bookmarked: https://qiita.com/gold-kou/items/2c2a73f5222f35ca1a62
Not Bookmarked: https://qiita.com/acro5piano/items/c4f2835a8e001e8335a8
Not Bookmarked: https://qiita.com/kotar0/items/4f022889c4f049902367
Not Bookmarked: https://qiita.com/grapswiz/items/71f14e73820e352c1fa3
Not Bookmarked: https://qiita.com/fujieda/items/6c67db36a540b749d7ab
Not Bookmarked: https://qiita.com/n_mogi/items/252dc4dcf75f3b2ea977
Not Bookmarked: https://qiita.com/shojit/items/13ef9deebcae71a4f0cb
Not Bookmarked: https://qiita.com/uutarou10/items/fe23e7a58ab162cf174c
Not Bookmarked: https://qiita.com/kkdmgs110/items/3483ad6cb5c85983ffc6
Not Bookmarked: https://qiita.com/amay077/items/dff88e7ce6868615a9bb
Not Bookmarked: https://qiita.com/rana_kualu/items/96b303307d6435aedf8b
Not Bookmarked: https://qiita.com/d-ebi/items/0809dd1aaed763b7eb66
Not Bookmarked: https://qiita.com/reon777/items/21ed87f19cdd50f08bd9
Not Bookmarked: https://qiita.com/carotene512/items/942bef4c7b1529cff572
Not Bookmarked: http://blog.father.gedow.net/2018/02/26/kafka-links/
Not Bookmarked: https://qiita.com/saitotak/items/813ac6c2057ac64d5fef
Not Bookmarked: https://qiita.com/Azunyan1111/items/b161b998790b1db2ff7a
Not Bookmarked: https://qiita.com/hiroz31/items/d7f2f9b7d02f9be1ca92
Not Bookmarked: https://qiita.com/ikemo/items/4f56a283f9e27cf98d81
Not Bookmarked: http://blog.qiita.com/post/171043969974/adcal-2017-present-result
Not Bookmarked: https://qiita.com/drken/items/7c6ff2aa4d8fce1c9361
Not Bookmarked: https://qiita.com/neko_machi/items/d620c4a8958e74df3550
Not Bookmarked: https://qiita.com/uhyo/items/e2fdef2d3236b9bfe74a
Not Bookmarked: https://qiita.com/IzumiSy/items/c26f69219178b79f586d
Not Bookmarked: https://qiita.com/ikasamah/items/477464d32f15acf04593
Not Bookmarked: https://qiita.com/kazukichi/items/c458aa9e763b9a3eb25b
Not Bookmarked: https://qiita.com/y-some/items/90651c1e27f7798f87c6
Not Bookmarked: https://qiita.com/Quramy/items/b45711789605ef9f96de
Not Bookmarked: https://www.uzabase.com/company/news/newspicks_qiita/
Not Bookmarked: https://qiita.com/Yuta_Fujiwara/items/10df62b820d056a92e86
Not Bookmarked: https://qiita.com/tkdn/items/ea4f034e0d661def244a
Not Bookmarked: https://qiita.com/Yuta_Fujiwara/items/a195adbd70f0d08cc3d4
Not Bookmarked: http://blog.bokuweb.me/entry/2018/02/08/101522
Not Bookmarked: https://qiita.com/rana_kualu/items/3ef57485be1103362f56
Not Bookmarked: https://qiita.com/manabusakai/items/e76a7fede88b35f5d626
Not Bookmarked: https://qiita.com/dmikurube/items/15899ec9de643e91497c
Not Bookmarked: https://qiita.com/hideo-works/items/db25a748889d47d5eff2
Not Bookmarked: https://qiita.com/kyoshidajp/items/c5d4f060df636ea20cbb
Not Bookmarked: https://qiita.com/onokatio/items/937c8da83010b05d31ce
"Starting to get: rails"
Not Bookmarked: http://blog.willnet.in/entry/2018/03/18/163405
"Bookmarked: http://developer.feedforce.jp/entry/2018/03/16/141806"
"Bookmarked: http://tech.hitomedia.jp/entry/2018/03/16/120249"
Not Bookmarked: https://tech.pepabo.com/2018/03/15/bye-bye-compass/
Not Bookmarked: http://tech.medpeer.co.jp/entry/2018/03/15/080000
Not Bookmarked: https://techracho.bpsinc.jp/hira/2018_03_15/53872
Not Bookmarked: http://blog.spacemarket.com/code/graphql-ruby-concerns/
Not Bookmarked: http://blog.jnito.com/entry/2018/03/12/053153
Not Bookmarked: https://speakerdeck.com/masayoshi2018/wen-xi-karaban-nian-deruby-sinatra-rails-woxue-ndararen-sheng-bian-watuta-at-chong-nawa-rubyhui-yi-02
Not Bookmarked: http://docs.komagata.org/5485
Not Bookmarked: https://speakerdeck.com/masayoshi2018/wen-xi-karaban-nian-deruby-sinatra-rails-woxue-ndararen-sheng-bian-watuta-at-chong-nawa-rubyhui-yi-02-4-views
Not Bookmarked: http://blog.toshimaru.net/rails-batch-optimization/
Not Bookmarked: https://blog.y-yagi.tech/posts/rails_0520/
Not Bookmarked: https://github.com/scoutapp/ruby_server_timing
Not Bookmarked: http://www.nurs.or.jp/~ogochan/essay/archives/5121
Not Bookmarked: http://twitter.com/yukihiro_matz/status/969155171442868224
Not Bookmarked: https://speakerdeck.com/willnet/railssabaqi-dong-falseli-ce
Not Bookmarked: http://tech.kitchhike.com/entry/2018/02/28/221159
Not Bookmarked: http://workplus.feedforce.jp/entry/2018/02/28/103253
Not Bookmarked: http://blog-ja.sideci.com/entry/2018/02/26/121616
Not Bookmarked: http://tech.gunosy.io/entry/ad-admin-rails5
Not Bookmarked: http://tech.medpeer.co.jp/entry/2018/02/26/080000
Not Bookmarked: https://speakerdeck.com/a_matsuda/ruby-on-ruby-on-rails
Not Bookmarked: https://speakerdeck.com/fukayatsu/esa-dot-iofalseyu-tefang
Not Bookmarked: http://techblog.lclco.com/entry/2018/02/23/090000
Not Bookmarked: http://blog.jnito.com/entry/2018/02/21/052310
Not Bookmarked: http://rni-dev.hatenablog.com/entry/2018/02/19/120249
Not Bookmarked: http://madogiwa0124.hatenablog.com/entry/2018/02/18/213611
Not Bookmarked: http://kamipo.github.io/talks/20180215-tdtech/#/title
Not Bookmarked: http://www.vivi-life.com/entry/2018/02/17/205006
Not Bookmarked: http://tech.smarthr.jp/entry/2018/02/16/162400
Not Bookmarked: http://tech.misoca.jp/entry/2018/02/16/110000
Not Bookmarked: http://nesheep5.hatenablog.com/entry/2018/02/14/142301
Not Bookmarked: http://rni-dev.hatenablog.com/entry/2018/02/14/163931
Not Bookmarked: http://fjord.jp/articles/dont-be-afraid-rails1.html
Not Bookmarked: http://koic.hatenablog.com/entry/gather-information-about-ruby-rails
Not Bookmarked: http://sinsoku.hatenablog.com/entry/2018/02/12/100000
Not Bookmarked: https://qiita.com/hanachin_/items/ba1dd93905567d88145c
Not Bookmarked: http://www.yukisako.xyz/entry/programming-skill-nomoney
Not Bookmarked: https://speakerdeck.com/shinpeim/jin-aetedryyuan-ze-nixiang-kihe-u
"Starting to get: react"
Not Bookmarked: http://blog.nkzn.info/entry/2018/03/17/005824
"Bookmarked: http://developer.feedforce.jp/entry/2018/03/16/141806"
Not Bookmarked: https://postd.cc/redux-observable-epics-vs-redux-sagas/
Not Bookmarked: https://nulab-inc.com/ja/blog/cacoo/web-components/
Not Bookmarked: https://teratail.com/report/9
Not Bookmarked: https://techracho.bpsinc.jp/hachi8833/2018_03_13/53183
Not Bookmarked: http://tech.vasily.jp/entry/android-flux
Not Bookmarked: https://medium.com/@shyianovska/bd2587fe1660
Not Bookmarked: https://speakerdeck.com/mukai21/reactfalsekonponentozuo-cheng-woxiao-lu-hua-siyou
Not Bookmarked: http://www.publickey1.jp/blog/18/facebookreact_16time_slicingsuspenseux.html
Not Bookmarked: https://leader22.github.io/slides/pxg_camp-2018a/#1
Not Bookmarked: https://blog.nagisa-inc.jp/archives/3459
Not Bookmarked: https://jmblog.jp/slides/webcomponents.kyoto.2.pdf
Not Bookmarked: http://rskull.hateblo.jp/entry/2018/03/02/021753
Not Bookmarked: https://note.mu/mizchi/n/n53d0b34b25ac
Not Bookmarked: https://react-etc.net/entry/rip-redux-dan-abramov-announces-future-fetcher
Not Bookmarked: https://qiita.com/amay077/items/dff88e7ce6868615a9bb
Not Bookmarked: https://www.simform.com/react-native-vs-swift-ios-application-development/
Not Bookmarked: http://developer.medley.jp/entry/2018/02/27/170000
Not Bookmarked: https://gigazine.net/news/20180223-css-keylogger/
Not Bookmarked: https://qiita.com/daijinload/items/c7015b1117c5beb7e49f
Not Bookmarked: https://github.com/maxchehab/CSS-Keylogging
Not Bookmarked: http://kakakakakku.hatenablog.com/entry/2018/02/18/113426
Not Bookmarked: https://github.com/facebook/react-native/commit/26684cf3adf4094eb6c405d345a75bf8c7c0bf88
Not Bookmarked: https://proton-native.js.org/#/
Not Bookmarked: https://qiita.com/IzumiSy/items/c26f69219178b79f586d
Not Bookmarked: https://havelog.ayumusato.com/develop/others/e747-scratch_memo_1.html
Not Bookmarked: https://qiita.com/mizchi/items/053f5b42a6d0902e9412
Not Bookmarked: https://www.slideshare.net/Nkzn/react-native-android
Not Bookmarked: http://labs.septeni.co.jp/entry/2018/02/08/090000
Not Bookmarked: https://qiita.com/wheatandcat/items/8b7742147588a33937b5
Not Bookmarked: https://qiita.com/numanomanu/items/af97312f34cf1388cee6
Not Bookmarked: https://blog.nagisa-inc.jp/archives/2980
Not Bookmarked: https://qiita.com/mizchi/items/9c7a6063a2fd6041aabd
Not Bookmarked: https://speakerdeck.com/mukai21/zhong-da-gui-mo-kai-fa-woreactdexing-uxian-chang-karachuan-etaikoto
Not Bookmarked: https://codezine.jp/article/detail/10624
Not Bookmarked: https://qiita.com/kotarella1110/items/e76bf9cca665157f3d2e
Not Bookmarked: https://peaks.cc/books/architecture_patterns
Not Bookmarked: https://speakerdeck.com/sottar/modannajavascriptapurikesiyondemodannisutairingusurufang-fa
Not Bookmarked: http://ferret-plus.com/9413
"Starting to get: ruby"
Not Bookmarked: https://techracho.bpsinc.jp/hira/2018_03_15/53872
Not Bookmarked: http://tagomoris.hatenablog.com/entry/2018/03/14/154637
Not Bookmarked: http://blog.spacemarket.com/code/graphql-ruby-concerns/
Not Bookmarked: http://tech.speee.jp/entry/2018/03/12/090329
Not Bookmarked: https://speakerdeck.com/masayoshi2018/wen-xi-karaban-nian-deruby-sinatra-rails-woxue-ndararen-sheng-bian-watuta-at-chong-nawa-rubyhui-yi-02
Not Bookmarked: http://docs.komagata.org/5485
Not Bookmarked: https://speakerdeck.com/masayoshi2018/wen-xi-karaban-nian-deruby-sinatra-rails-woxue-ndararen-sheng-bian-watuta-at-chong-nawa-rubyhui-yi-02-4-views
Not Bookmarked: http://www.thechrisoshow.com/2018/02/20/es6-style-hash-literals-in/
Not Bookmarked: http://www.publickey1.jp/blog/18/5_codementorxcoding_dojo.html
Not Bookmarked: https://mainichi.jp/articles/20180306/mog/00m/300/088000c
Not Bookmarked: http://blog.toshimaru.net/rails-batch-optimization/
Not Bookmarked: https://tech.recruit-mp.co.jp/event/post-16062/
Not Bookmarked: http://toyokeizai.net/articles/-/210942
Not Bookmarked: https://github.com/scoutapp/ruby_server_timing
Not Bookmarked: http://www.nurs.or.jp/~ogochan/essay/archives/5121
Not Bookmarked: http://twitter.com/yukihiro_matz/status/969155171442868224
Not Bookmarked: http://blog-ja.sideci.com/entry/2018/03/02/120636
Not Bookmarked: https://www.pixiv.co.jp/news/recruit/article/6104/
Not Bookmarked: https://qiita.com/mod_poppo/items/a4bbed44ccfa59740f32
Not Bookmarked: http://tech.kitchhike.com/entry/2018/02/28/221159
Not Bookmarked: http://udzura.hatenablog.jp/entry/2018/02/28/191043
Not Bookmarked: https://www.slideshare.net/sakai/mlxse20180227-python
Not Bookmarked: http://blog-ja.sideci.com/entry/2018/02/28/100943
Not Bookmarked: https://www.nikkei.com/article/DGXMZO27402800W8A220C1X11000/
Not Bookmarked: https://qiita.com/chooyan_eng/items/99789213fa89c03b36b0
Not Bookmarked: http://blog-ja.sideci.com/entry/2018/02/26/121616
Not Bookmarked: http://tagomoris.hatenablog.com/entry/2018/02/26/115828
Not Bookmarked: http://tech.gunosy.io/entry/ad-admin-rails5
Not Bookmarked: http://tech.medpeer.co.jp/entry/2018/02/26/080000
Not Bookmarked: http://www.publickey1.jp/blog/18/jitruby_260-preview1.html
Not Bookmarked: http://blog.yugui.jp/entry/2018/02/25/152525
Not Bookmarked: https://speakerdeck.com/a_matsuda/ruby-on-ruby-on-rails
Not Bookmarked: http://www.publickey1.jp/blog/18/ruby25ruby25.html
Not Bookmarked: https://speakerdeck.com/udzura/ruby-and-infrastructure-as-code
Not Bookmarked: https://www.ruby-lang.org/en/news/2018/02/24/ruby-2-6-0-preview1-released/
Not Bookmarked: https://speakerdeck.com/fukayatsu/esa-dot-iofalseyu-tefang
Not Bookmarked: https://github.com/ruby/ruby/commit/86127a03c0cf7afb1ecd29e998f1eccc4576b29f
Not Bookmarked: http://techblog.lclco.com/entry/2018/02/23/090000
Not Bookmarked: http://www.clear-code.com/blog/2018/2/23.html
Not Bookmarked: http://mrkn.hatenablog.com/entry/2018/02/22/ruby25th
"Starting to get: sql"
Not Bookmarked: https://masahikosawada.github.io//2018/03/16/%E3%82%88%E3%81%8F%E4%BD%BF%E3%81%86psql%E3%81%AE%E4%BE%BF%E5%88%A9%E6%8A%8010%E9%81%B8/
Not Bookmarked: https://github.com/jhspetersson/fselect
Not Bookmarked: http://www.ketancho.net/entry/2018/03/09/080000
Not Bookmarked: https://www.amazon.co.jp/gp/product/4774196479
Not Bookmarked: http://www.ketancho.net/entry/2018/03/07/080000
Not Bookmarked: https://eng.uber.com/queryparser/
Not Bookmarked: http://data.gunosy.io/entry/sql_with_redshift_and_bigquery
Not Bookmarked: http://techblog.lclco.com/entry/2018/02/09/093000
Not Bookmarked: http://dsas.blog.klab.org/archives/2018-02/configure-sql-db.html
Not Bookmarked: http://tech.gunosy.io/entry/sql-tutorial
Not Bookmarked: https://togetter.com/li/1195320
Not Bookmarked: http://www.geocities.jp/mickindex/database/pdf/SQLNight_20180124.pdf
Not Bookmarked: http://paiza.hatenablog.com/entry/2018/01/22/%E5%88%9D%E5%BF%83%E8%80%85%E5%90%91%E3%81%91%E3%83%BBSQL%E3%81%AE%E7%B7%B4%E7%BF%92%E5%95%8F%E9%A1%8C%E3%82%92%E3%81%9F%E3%81%8F%E3%81%95%E3%82%93%E8%A7%A3%E3%81%91%E3%82%8B%E5%AD%A6%E7%BF%92%E3%82%B5
Not Bookmarked: https://dwango.github.io/articles/mastodon-database-index-1/
Not Bookmarked: https://qiita.com/hmatsu47/items/656ebb6575c31bf1a90e
Not Bookmarked: https://qiita.com/NobiNobiKen/items/adc6b8248e1e54e5e1f4
Not Bookmarked: http://inokara.hateblo.jp/entry/2018/01/03/225640
Not Bookmarked: http://blog.zuckey17.org/entry/2017/12/29/152921
Not Bookmarked: http://tech.geniee.co.jp/entry/sync-mysql-binlog-to-cache
Not Bookmarked: https://employment.en-japan.com/engineerhub/entry/2017/12/27/110000
Not Bookmarked: http://blog.kamipo.net/entry/2017/12/23/230514
Not Bookmarked: http://www.dbcli.com/
Not Bookmarked: https://qiita.com/mackee_w/items/06640d8aba8e3afc2c4f
Not Bookmarked: https://sqlwiki.netspi.com/
